mads 2.0.6 build 58 (28 Jan 17)
Source: C:\jac\wudsn\Workspace\asm_t2\2022\floppy\aaaa1.asm
     1 					ICL 'macro.asm'
Source: C:\jac\wudsn\Workspace\asm_t2\2022\floppy\macro.asm
     1 				.MACRO REG_PUSH 
     2 					pha
     3 					txa
     4 					pha
     5 					tya
     6 					pha
     7 				.ENDM
     8
     9 				.MACRO REG_PULL
    10 					pla
    11 					tay
    12 					pla
    13 					tax
    14 					pla
    15 				.ENDM
    16
    17 				.MACRO LINE_SPACE_9_CYCLES
    18 					nop
    19 					nop
    20 					nop
    21 					sta bar_color20	; 3 cycles
    22 				.ENDM
    23
    24 				.MACRO LINE_SPACE_10_CYCLES
    25 					nop
    26 					nop
    27 					nop
    28 					nop
    29 					nop
    30 				.ENDM
    31
    32 				.MACRO LINE_SPACE_11_CYCLES
    33 					nop
    34 					nop
    35 					nop
    36 					nop
    37 					sta bar_color20	; 3 cycles
    38 				.ENDM
    39
    40 				.MACRO LINE_WAIT
    41 					sta WSYNC	;WAIT
    42 				.ENDM
    43
    44 				.MACRO LINE_COLOR_CALC
    45 				;	dex
    46 					dey
    47 				.ENDM
    48
    49 				.MACRO LINE_NOP_HALF
    50 					LINE_WAIT
    51 				
    52 					;; 4 nops
    53 					LINE_COLOR_CALC
    54 					
    55 					LINE_NOP_SPACE_1
    56 					
    57 				;	sta bar_color20	; 3 cycles
    58 				;	stx DLI_PAPER	; 4 cycles
    59 				;	stx DLI_PEN	; 4 cycles
    60 					LINE_NOP_SPACE_2
    61 				;	sty DLI_PAPER	; 4 cycles
    62 				;	sty DLI_PEN	; 4 cycles
    63 				.ENDM
    64
    65 				.MACRO LINE_NOP_NORMAL
    66 					LINE_WAIT
    67 				;	LINE_COLOR_CALC
    68 				;	sty COLPM0
    69 				;	sty COLPM1
    70 				;	stx COLPM2
    71 				;	stx COLPM3
    72 				;	stx DLI_PAPER	; 4 cycles
    73 					LINE_SPACE_10_CYCLES
    74 					nop
    75 				;	sty DLI_PAPER	; 4 cycles
    76 				.ENDM
    77
    78 				.MACRO LINE_NOP_SHORT
    79 					LINE_WAIT
    80 					LINE_COLOR_CALC
    81 				;	sty COLPM0
    82 				;	sty COLPM1
    83 				;	stx COLPM2
    84 				;	stx COLPM3
    85 				;	stx DLI_PAPER	; 4 cycles
    86 					LINE_SPACE_10_CYCLES
    87 				;	sty DLI_PAPER	; 4 cycles
    88 				.ENDM
    89
    90 				.MACRO LINE_NOP_LAST
    91 					LINE_WAIT
    92 				;	stx DLI_PAPER	; 4 cycles
    93 					lda #1
    94 				;	sta COLPM0
    95 				;	sta COLPM1
    96 				;	sta COLPM2
    97 				;	sta COLPM3
    98 					LINE_SPACE_10_CYCLES
    99 					nop
   100 				;	sty DLI_PAPER	; 4 cycles
   101 				.ENDM
     2
     3 					org $2000
     4
     5 					.proc main
     6
     7 FFFF> 2000-217E> 20 98 + 	jsr dl_set_mode
     8 					
     9 2003 20 0F 20			jsr part1
    10
    11 					.endp
    12 					
    13 2006				ICL 'part1.asm'
Source: C:\jac\wudsn\Workspace\asm_t2\2022\floppy\part1.asm
     1 2006 00			part1_x dta 0
     2 2007 00			part1_y dta 0
     3 2008 00			part1_d dta 0
     4 2009 00			TMPCLR dta 0
     5
     6 200A 00			part1_tmpx dta 0
     7 200B 00			part1_tmpy dta 0
     8 200C 00			part1_sync: dta 0
     9
    10 200D 62			part1_p0x: dta 98
    11 200E 44			part1_p1x: dta 68
    12
    13
    14 200F			part1:
    15 					; set handler for display list interrupt 
    16 200F A9 8E 8D 00 02 A9 + 	mwa #part1_dli_handler VDSLST
    17 					
    18 2019 A9 42			lda #COLOR_AMIGA_BACKGROUND
    19 201B 8D 12 D0			sta COLPM0
    20 201E 8D 13 D0			sta COLPM1
    21 2021 8D 14 D0			sta COLPM2
    22 2024 8D 15 D0			sta COLPM3
    23 2027 8D C0 02			sta COLPM0S
    24 202A 8D C1 02			sta COLPM1S
    25 202D 8D C2 02			sta COLPM2S
    26 2030 8D C3 02			sta COLPM3S
    27 					
    28 					; enable DL interrupt
    29 2033 A9 C0			lda #$c0
    30 2035 8D 0E D4			sta NMIEN
    31
    32 2038 20 5F 70			jsr screen_set_write_1
    33 203B 20 54 70			jsr screen_set_read_1
    34 					
    35 203E				PM_SHOW
Macro: PM_SHOW [Source: C:\jac\wudsn\Workspace\asm_t2\2022\floppy\ghosts.asm]
    21 203E A9 60			lda #$60
    22 2040 8D 07 D4			sta 54279	; PMBASE
    24 2043 A9 01			lda #1
    25 2045 8D 6F 02			sta 623		; GTIACTL
    27 2048 A9 42			lda #COLOR_AMIGA_BACKGROUND
    28 204A 8D C0 02			sta COLPM0S	; KOLOR
    29 204D 8D C1 02			sta COLPM1S	; KOLOR
    30 2050 8D C2 02			sta COLPM2S	; KOLOR
    31 2053 8D C3 02			sta COLPM3S	; KOLOR
    32 2056 8D 12 D0			sta COLPM0	; KOLOR
    33 2059 8D 13 D0			sta COLPM1	; KOLOR
    34 205C 8D 14 D0			sta COLPM2	; KOLOR
    35 205F 8D 15 D0			sta COLPM3	; KOLOR
    38 2062 A9 01			lda #1
    39 2064 8D 08 D0			sta SIZEP0	; SIZEP0
    40 2067 A9 01			lda #1
    41 2069 8D 09 D0			sta SIZEP1	; SIZEP0
    42 206C A9 01			lda #1
    43 206E 8D 0A D0			sta SIZEP2	; SIZEP0
    44 2071 A9 00			lda #0
    45 2073 8D 0B D0			sta SIZEP3	; SIZEP0
    47 2076 A9 02			lda #2
    48 2078 8D 1D D0			sta 53277	; PMCTL
    52 207B A9 E7			lda #%11100111
    53 207D 2D 2F 02			and DMACTLS
    54 2080 09 18			ora #%00011000
    56 2082 8D 2F 02			sta DMACTLS		; DMACTLS
Source: C:\jac\wudsn\Workspace\asm_t2\2022\floppy\part1.asm
    36
    37 2085			part1_0:
    38
    39 					
    40 2085			part1_0_idle:
    41 					
    42 				;	PM_MOVE
    43 					
    44 2085 4C 85 20			jmp part1_0_idle
    45 					
    46 2088				REG_PULL
Macro: REG_PULL [Source: C:\jac\wudsn\Workspace\asm_t2\2022\floppy\macro.asm]
     1 2088 68				pla
     2 2089 A8				tay
     3 208A 68				pla
     4 208B AA				tax
     5 208C 68				pla
Source: C:\jac\wudsn\Workspace\asm_t2\2022\floppy\part1.asm
    47
    48 208D 60				rts
    49
    50 208E			part1_dli_handler:
    51
    52 				; line:
    53 				; 32 cycles - frame (2+26+4)
    54 				; 28 cycles - screen
    55
    56 208E				REG_PUSH
Macro: REG_PUSH [Source: C:\jac\wudsn\Workspace\asm_t2\2022\floppy\macro.asm]
     1 208E 48				pha
     2 208F 8A				txa
     3 2090 48				pha
     4 2091 98				tya
     5 2092 48				pha
Source: C:\jac\wudsn\Workspace\asm_t2\2022\floppy\part1.asm
    57 2093 A9 42			lda #COLOR_AMIGA_BACKGROUND
    58 2095 8D 18 D0			sta DLI_PAPER ; black
    59 2098 A9 0E			lda #COLOR_WHITE
    60 209A 8D 1A D0			sta DLI_FRAME
    61
    62 					; init player 0 
    63 209D A9 62			lda #98         ; x-pos
    64 209F 8D 0D 20			sta part1_p0x
    65 20A2 A9 0E			lda #COLOR_WHITE
    66 20A4 8D 12 D0			sta COLPM0	; KOLOR
    67
    68 					; init player 1 
    69 20A7 A9 44			lda #68         ; x-pos
    70 20A9 8D 0E 20			sta part1_p1x
    71 20AC A9 00			lda #COLOR_BLACK
    72 20AE 8D 13 D0			sta COLPM1	; KOLOR
    73
    74
    75 20B1 8D 0A D4			:1 sta WSYNC	;WAIT
    76 					
    77 					; cycle begin
    78 20B4 8D 0A D4			:1 sta WSYNC	;WAIT
    79
    80 				;	lda math_sin_16,x
    81 				;	:4 lsr
    82 				;	adc #1
    83 				;	tax
    84
    85 20B7 8D 0A D4			:1 sta WSYNC
    86 					
    87 					;lda RTCLOCK_1
    88 					;sta 704		; KOLOR
    89
    90 20BA 8D 0A D4 8D 0A D4 + 	:18 sta WSYNC	;WAIT
    91
    92 					; init color value
    93 				;	ldy RTCLOCK_0
    94 				;	lda math_sin,y
    95 20F0 A5 0E			lda COLOR_WHITE
    96 20F2 85 E7			sta bar_color1
    97
    98 20F4 8D 0A D4			:1 sta WSYNC	;WAIT
    99
   100 					; 200 screen lines
   101
   102 				;	LINE_NOP_NORMAL
   103 				;	LINE_NOP_NORMAL
   104
   105 20F7 A9 15			lda #21 ; empty lines
   106 20F9			dli_handler_loop_0:
   107 20F9				LINE_NOP_NORMAL
Macro: LINE_NOP_NORMAL [Source: C:\jac\wudsn\Workspace\asm_t2\2022\floppy\macro.asm]
     1 20F9 8D 0A D4			sta WSYNC	;WAIT
Source: C:\jac\wudsn\Workspace\asm_t2\2022\floppy\part1.asm
     1 20FC EA				nop
     2 20FD EA				nop
     3 20FE EA				nop
     4 20FF EA				nop
     5 2100 EA				nop
Source: C:\jac\wudsn\Workspace\asm_t2\2022\floppy\part1.asm
     9 2101 EA				nop
Source: C:\jac\wudsn\Workspace\asm_t2\2022\floppy\part1.asm
   108 2102 E9 01			sbc #1
   109 2104 D0 F3			bne dli_handler_loop_0
   110
   111 2106				LINE_NOP_SHORT
Macro: LINE_NOP_SHORT [Source: C:\jac\wudsn\Workspace\asm_t2\2022\floppy\macro.asm]
     1 2106 8D 0A D4			sta WSYNC	;WAIT
Source: C:\jac\wudsn\Workspace\asm_t2\2022\floppy\part1.asm
     2 2109 88				dey
Source: C:\jac\wudsn\Workspace\asm_t2\2022\floppy\part1.asm
     1 210A EA				nop
     2 210B EA				nop
     3 210C EA				nop
     4 210D EA				nop
     5 210E EA				nop
Source: C:\jac\wudsn\Workspace\asm_t2\2022\floppy\part1.asm
Source: C:\jac\wudsn\Workspace\asm_t2\2022\floppy\part1.asm
   112
   113 				; 76 back rainbow
   114 				; now draw front rainbow
   115 210F AE 0D 20			ldx part1_p0x
   116 2112 A9 10			lda #16 
   117 2114			dli_handler_loop_1:
   118 2114 8E 00 D0			stx HPOSP0 
   119 					
   120 2117				LINE_NOP_NORMAL
Macro: LINE_NOP_NORMAL [Source: C:\jac\wudsn\Workspace\asm_t2\2022\floppy\macro.asm]
     1 2117 8D 0A D4			sta WSYNC	;WAIT
Source: C:\jac\wudsn\Workspace\asm_t2\2022\floppy\part1.asm
     1 211A EA				nop
     2 211B EA				nop
     3 211C EA				nop
     4 211D EA				nop
     5 211E EA				nop
Source: C:\jac\wudsn\Workspace\asm_t2\2022\floppy\part1.asm
     9 211F EA				nop
Source: C:\jac\wudsn\Workspace\asm_t2\2022\floppy\part1.asm
   121 2120				LINE_NOP_NORMAL
Macro: LINE_NOP_NORMAL [Source: C:\jac\wudsn\Workspace\asm_t2\2022\floppy\macro.asm]
     1 2120 8D 0A D4			sta WSYNC	;WAIT
Source: C:\jac\wudsn\Workspace\asm_t2\2022\floppy\part1.asm
     1 2123 EA				nop
     2 2124 EA				nop
     3 2125 EA				nop
     4 2126 EA				nop
     5 2127 EA				nop
Source: C:\jac\wudsn\Workspace\asm_t2\2022\floppy\part1.asm
     9 2128 EA				nop
Source: C:\jac\wudsn\Workspace\asm_t2\2022\floppy\part1.asm
   122 2129				LINE_NOP_NORMAL
Macro: LINE_NOP_NORMAL [Source: C:\jac\wudsn\Workspace\asm_t2\2022\floppy\macro.asm]
     1 2129 8D 0A D4			sta WSYNC	;WAIT
Source: C:\jac\wudsn\Workspace\asm_t2\2022\floppy\part1.asm
     1 212C EA				nop
     2 212D EA				nop
     3 212E EA				nop
     4 212F EA				nop
     5 2130 EA				nop
Source: C:\jac\wudsn\Workspace\asm_t2\2022\floppy\part1.asm
     9 2131 EA				nop
Source: C:\jac\wudsn\Workspace\asm_t2\2022\floppy\part1.asm
   123 					
   124 2132 CA				dex
   125 						
   126 2133 E9 01			sbc #1
   127 2135 D0 DD			bne dli_handler_loop_1
   128
   129
   130 2137 AE 0D 20			ldx part1_p0x
   131 213A A9 18			lda #24 
   132 213C			dli_handler_loop_2:
   133 213C 8E 00 D0			stx HPOSP0 
   134 					
   135 213F				LINE_NOP_NORMAL
Macro: LINE_NOP_NORMAL [Source: C:\jac\wudsn\Workspace\asm_t2\2022\floppy\macro.asm]
     1 213F 8D 0A D4			sta WSYNC	;WAIT
Source: C:\jac\wudsn\Workspace\asm_t2\2022\floppy\part1.asm
     1 2142 EA				nop
     2 2143 EA				nop
     3 2144 EA				nop
     4 2145 EA				nop
     5 2146 EA				nop
Source: C:\jac\wudsn\Workspace\asm_t2\2022\floppy\part1.asm
     9 2147 EA				nop
Source: C:\jac\wudsn\Workspace\asm_t2\2022\floppy\part1.asm
   136 2148				LINE_NOP_NORMAL
Macro: LINE_NOP_NORMAL [Source: C:\jac\wudsn\Workspace\asm_t2\2022\floppy\macro.asm]
     1 2148 8D 0A D4			sta WSYNC	;WAIT
Source: C:\jac\wudsn\Workspace\asm_t2\2022\floppy\part1.asm
     1 214B EA				nop
     2 214C EA				nop
     3 214D EA				nop
     4 214E EA				nop
     5 214F EA				nop
Source: C:\jac\wudsn\Workspace\asm_t2\2022\floppy\part1.asm
     9 2150 EA				nop
Source: C:\jac\wudsn\Workspace\asm_t2\2022\floppy\part1.asm
   137 2151				LINE_NOP_NORMAL
Macro: LINE_NOP_NORMAL [Source: C:\jac\wudsn\Workspace\asm_t2\2022\floppy\macro.asm]
     1 2151 8D 0A D4			sta WSYNC	;WAIT
Source: C:\jac\wudsn\Workspace\asm_t2\2022\floppy\part1.asm
     1 2154 EA				nop
     2 2155 EA				nop
     3 2156 EA				nop
     4 2157 EA				nop
     5 2158 EA				nop
Source: C:\jac\wudsn\Workspace\asm_t2\2022\floppy\part1.asm
     9 2159 EA				nop
Source: C:\jac\wudsn\Workspace\asm_t2\2022\floppy\part1.asm
   138 					
   139 215A CA				dex
   140 						
   141 215B E9 01			sbc #1
   142 215D D0 DD			bne dli_handler_loop_2
   143
   144
   145 215F				LINE_NOP_SHORT
Macro: LINE_NOP_SHORT [Source: C:\jac\wudsn\Workspace\asm_t2\2022\floppy\macro.asm]
     1 215F 8D 0A D4			sta WSYNC	;WAIT
Source: C:\jac\wudsn\Workspace\asm_t2\2022\floppy\part1.asm
     2 2162 88				dey
Source: C:\jac\wudsn\Workspace\asm_t2\2022\floppy\part1.asm
     1 2163 EA				nop
     2 2164 EA				nop
     3 2165 EA				nop
     4 2166 EA				nop
     5 2167 EA				nop
Source: C:\jac\wudsn\Workspace\asm_t2\2022\floppy\part1.asm
Source: C:\jac\wudsn\Workspace\asm_t2\2022\floppy\part1.asm
   146
   147 				;	lda #63
   148 				;dli_handler_loop_2:
   149 				;	LINE_NOP_NORMAL
   150 				;	sbc #1
   151 				;	bne dli_handler_loop_2
   152 				;	LINE_NOP_SHORT
   153 					
   154 				;	LINE_NOP_LAST
   155
   156 2168 A9 42			lda #COLOR_AMIGA_BACKGROUND
   157 216A 8D 12 D0			sta COLPM0
   158 216D 8D 13 D0			sta COLPM1
   159 2170 8D 14 D0			sta COLPM2
   160 2173 8D 15 D0			sta COLPM3
   161
   162 2176				LINE_WAIT
Macro: LINE_WAIT [Source: C:\jac\wudsn\Workspace\asm_t2\2022\floppy\macro.asm]
     1 2176 8D 0A D4			sta WSYNC	;WAIT
Source: C:\jac\wudsn\Workspace\asm_t2\2022\floppy\part1.asm
   163 					
   164
   165 2179				REG_PULL
Macro: REG_PULL [Source: C:\jac\wudsn\Workspace\asm_t2\2022\floppy\macro.asm]
     1 2179 68				pla
     2 217A A8				tay
     3 217B 68				pla
     4 217C AA				tax
     5 217D 68				pla
Source: C:\jac\wudsn\Workspace\asm_t2\2022\floppy\part1.asm
   166 217E 40				rti
   167 					
   168 					
   169 					
    14 217F				ICL 'screen_mem.asm'
Source: C:\jac\wudsn\Workspace\asm_t2\2022\floppy\screen_mem.asm
     1 217F				org $4000
     2
     3 4000				.local graphics
     4 4000-7D41> 00 00 00 00 + 	ins "..\pic\test.gr8"
     5 					.endl
     6
     7 = 4000			screen_mem_1 = $4000
     8 = 4800			screen_mem_1_1 = $4800
     9 = 5000			screen_mem_1_2 = $5000
    10
    11 5E02 00 00 00 00 00 00 + 	:8000 dta 0
    12
    13 7D42				org $5800
    14 					
    15 = 5800			screen_mem_2 = $5800
    16 = 6000			screen_mem_2_1 = $6000
    17 = 6800			screen_mem_2_2 = $6800
    18
    19 5800				org $7000
    20 7000			screen_adr
    21 7000-707F> 00 00			dta 0,0
    22
    23 7002			screen_clear:
    24 7002				REG_PUSH
Macro: REG_PUSH [Source: C:\jac\wudsn\Workspace\asm_t2\2022\floppy\macro.asm]
     1 7002 48				pha
     2 7003 8A				txa
     3 7004 48				pha
     4 7005 98				tya
     5 7006 48				pha
Source: C:\jac\wudsn\Workspace\asm_t2\2022\floppy\screen_mem.asm
    25 7007 AD 00 70 8D 1A 70 + 	mwa screen_adr screen_clear_loop_2+1
    26 7013 A9 00			lda #0
    27 7015 A2 18			ldx #24
    28 7017			screen_clear_loop_1
    29 7017 A0 00			ldy #0	
    30 7019			screen_clear_loop_2	
    31 7019 99 00 00			sta $0000,y
    32 701C C8				iny
    33 701D D0 FA			bne screen_clear_loop_2
    34 701F EE 1B 70			inc screen_clear_loop_2+2
    35 7022 CA				dex
    36 7023 D0 F4			bne screen_clear_loop_2
    37 7025				REG_PULL
Macro: REG_PULL [Source: C:\jac\wudsn\Workspace\asm_t2\2022\floppy\macro.asm]
     1 7025 68				pla
     2 7026 A8				tay
     3 7027 68				pla
     4 7028 AA				tax
     5 7029 68				pla
Source: C:\jac\wudsn\Workspace\asm_t2\2022\floppy\screen_mem.asm
    38 702A 60				rts	
    39
    40 702B			screen_fill:
    41 702B				REG_PUSH
Macro: REG_PUSH [Source: C:\jac\wudsn\Workspace\asm_t2\2022\floppy\macro.asm]
     1 702B 48				pha
     2 702C 8A				txa
     3 702D 48				pha
     4 702E 98				tya
     5 702F 48				pha
Source: C:\jac\wudsn\Workspace\asm_t2\2022\floppy\screen_mem.asm
    42 7030 AD 00 70 8D 43 70 + 	mwa screen_adr screen_fill_loop_2+1
    43 703C A9 FF			lda #255
    44 703E A2 08			ldx #8
    45 7040			screen_fill_loop_1
    46 7040 A0 00			ldy #0	
    47 7042			screen_fill_loop_2	
    48 7042 99 00 00			sta $0000,y
    49 7045 C8				iny
    50 7046 D0 FA			bne screen_fill_loop_2
    51 7048 EE 44 70			inc screen_fill_loop_2+2
    52 704B CA				dex
    53 704C D0 F4			bne screen_fill_loop_2
    54 704E				REG_PULL
Macro: REG_PULL [Source: C:\jac\wudsn\Workspace\asm_t2\2022\floppy\macro.asm]
     1 704E 68				pla
     2 704F A8				tay
     3 7050 68				pla
     4 7051 AA				tax
     5 7052 68				pla
Source: C:\jac\wudsn\Workspace\asm_t2\2022\floppy\screen_mem.asm
    55 7053 60				rts	
    56
    57 					
    58 7054			screen_set_read_1:
    59 					; load display list address to register
    60 7054 A9 00 8D 30 02 A9 + 	mwa #dl_antic_1 DLIST
    61 705E 60				rts
    62 705F			screen_set_write_1:
    63 					; switch working buffer pointer
    64 705F A9 00 8D 00 70 A9 + 	mwa #screen_mem_1 screen_adr
    65 7069 60				rts
    66
    67 706A			screen_set_read_2:
    68 					; load display list address to register
    69 706A A9 CC 8D 30 02 A9 + 	mwa #dl_antic_2 DLIST
    70 7074 60				rts
    71 7075			screen_set_write_2:	
    72 					; switch working buffer pointer
    73 7075 A9 00 8D 00 70 A9 + 	mwa #screen_mem_2 screen_adr
    74 707F 60				rts
    75 					
    15 7080				ICL 'display_list.asm'
Source: C:\jac\wudsn\Workspace\asm_t2\2022\floppy\display_list.asm
     1 7080				ICL 'display_list_const.asm'
Source: C:\jac\wudsn\Workspace\asm_t2\2022\floppy\display_list_const.asm
     1 = 0012			RTCLOCK_2 = $12
     2 = 0013			RTCLOCK_1 = $13
     3 = 0014			RTCLOCK_0 = $14
     4
     5 = 0230			DLIST   = $230
     6 = 0230			DLISTL  = $230 ; display list pointer low byte
     7 = 0231			DLISTH  = $231 ;                      high byte
     8 = 02C8			COLRBK  = $2C8
     9
    10 = D016			COLPF0	= $D016  
    11 = D017			COLPF1	= $D017  
    12 = D018			COLPF2	= $D018  
    13 = D019			COLPF3	= $D019
    14 = D01A			COLBG	= $D01A 
    15
    16 = 02C4			COLOR0	= $02C4
    17 = 02C5			COLOR1	= $02C5
    18 = 02C6			COLOR2	= $02C6
    19 = 02C7			COLOR3	= $02C7
    20 = 02C8			COLOR4 	= $02C8
    21
    22 = 022F			SDMCTL  = $022F
    23 = 022F			DMACTLS = $022F
    24 = D400			DMACTL  = $D400
    25 = 0200			VDSLST  = $0200 ; display list interrupt vector
    26 = D40E			NMEN	= $D40E
    27 = D40E			NMIEN	= $D40E ; bit 7
    28 = D40A			WSYNC   = $D40A
    29 = D40B			VCOUNT  = $D40B
    30
    31 = 02C5			GR8_PEN   = COLOR1
    32 = 02C6			GR8_PAPER = COLOR2
    33 = 02C8			GR8_FRAME = COLOR4 
    34
    35 = D017			DLI_PEN   = COLPF1
    36 = D018			DLI_PAPER = COLPF2
    37 = D01A			DLI_FRAME = COLBG 
    38
    39 = 0000			COLOR_BLACK = $00
    40 = 000E			COLOR_WHITE = $0E
    41 = 0042			COLOR_AMIGA_BACKGROUND = $42
    42
    43 = D012			COLPM0	= $D012
    44 = D013			COLPM1	= $D013
    45 = D014			COLPM2	= $D014
    46 = D015			COLPM3	= $D015
    47
    48 = 02C0			COLPM0S	= $02C0
    49 = 02C1			COLPM1S	= $02C1
    50 = 02C2			COLPM2S	= $02C2
    51 = 02C3			COLPM3S	= $02C3
    52
    53
    54 = D008			SIZEP0	= $D008
    55 = D009			SIZEP1	= $D009
    56 = D00A			SIZEP2	= $D00A
    57 = D00B			SIZEP3	= $D00B
    58
    59 = D00C			SIZEM	= $D00C
    60
    61 = D000			HPOSP0	= $D000
    62 = D001			HPOSP1	= $D001
    63 = D002			HPOSP2	= $D002
    64 = D003			HPOSP3	= $D003
    65
    66 = D004			HPOSM0	= $D004
    67 = D005			HPOSM1	= $D005
    68 = D006			HPOSM2	= $D006
    69 = D007			HPOSM3	= $D007
    70
    71 = D01C			VDELAY	= $D01C
    72
    73 = D01B			GTIACTL	= $D01B
    74 = 026F			GTIACTLS = $026F
    75
    76 = D01D			PMCTL	= $D01D
    77
    78 = D407			PMBASE = $D407
    79
    80 				;     SAVMSC $0058,2       (88): pointer to current screen for CIO commands
    81 				;     RAMTOP $006A        (106): start-of-ROM pointer (MSB only)
    82 				;     VDSLST $0200,2      (512): DLI vector
    83 				;     RAMSIZ $02E4        (740): permanent start-of-ROM pointer (MSB only)
    84 				;     DLISTL $D402      (54274): display list pointer low byte
    85 				;     DLISTH $D403      (54275):     "    high byte
    86 				;     HSCROL $D404      (54276): horizontal scroll register
    87 				;     VSCROL $D405      (54277): vertical scroll register
    88 				;     NMIEN  $D40E      (54286): NMI enable (DLIs)
    89 				;     
    90 				;     
    91 				;                               Shadow registers
    92 				;     
    93 				;     
    94 				;     SDLSTL $0230        (560): DLISTL
    95 				;     SDLSTH $0231        (561): DLISTH
     2
     3 7080				org $3800
     4
     5 = 0080			DL_DLI = $80
     6
     7 				; DL for first buffer	
     8 3800-39CD> F0 70 70	dl_antic_1	dta $F0,$70,$70              ; 3x8 empty scanlines
     9 3803 4F 00 40				dta b($4f),a(screen_mem_1)   ; $0f - mode, $40 - addr of 1/3 screen bitmap 
    10 3806 0F 0F 0F 0F 0F 0F + 		:62 dta b($0f)               ; 63 lines of $0f 
    11 3844 0F					dta b($0f)                   ; 1 line of $0f + DLI 
    12 3845 4F 00 48				dta b($4f),a(screen_mem_1_1) ; $0f - mode, $40 - addr of 2/3 screen bitmap
    13 3848 0F 0F 0F 0F 0F 0F + 		:63 dta b($0f)	             ; 63 lines of $0f 
    14 3887 4F 00 50				dta b($4f),a(screen_mem_1_2) ; $0f - mode, $40 - addr of 3/3 screen bitmap
    15 388A 0F 0F 0F 0F 0F 0F + 		:63 dta b($0f)               ; 63 lines of $0f
    16 						;dta b($c1),a(dl_antic_1)     ; jump to DL start and trigger interrupt
    17 38C9 41 00 38				dta b($41),a(dl_antic_1)     ; jump to DL start
    18
    19 38CC 70 70 70		dl_antic_2	dta $70,$70,$70              ; 3x8 empty scanlines 
    20 38CF CF 00 58				dta b($cf),a(screen_mem_2)   ; $0f - mode, $40 - addr of 1/3 screen bitmap
    21 38D2 0F 0F 0F 0F 0F 0F + 		:63 dta b($0f)               ; 63 lines of $0f 
    22 3911 4F 00 60				dta b($4f),a(screen_mem_2_1) ; $0f - mode, $40 - addr of 2/3 screen bitmap
    23 3914 0F 0F 0F 0F 0F 0F + 		:63 dta b($0f)	             ; 63 lines of $0f 
    24 3953 4F 00 68				dta b($4f),a(screen_mem_2_2) ; $0f - mode, $40 - addr of 3/3 screen bitmap
    25 3956 0F 0F 0F 0F 0F 0F + 		:63 dta b($0f)               ; 63 lines of $0f 
    26 						;dta b($c1),a(dl_antic_2)     ; jump to DL start and trigger interrupt
    27 3995 41 CC 38				dta b($41),a(dl_antic_2)     ; jump to DL start 
    28
    29 3998			dl_set_mode
    30 					; set screen width to 32 byte
    31 3998 A9 FC			lda #%11111100
    32 399A 2D 2F 02			and DMACTLS
    33 399D 09 02			ora #%00000010
    34 				;	lda #57 ; narrow	
    35 				;	lda #$3a ; normal
    36 				;	lda #59 ; wide
    37 					
    38 399F 8D 2F 02			sta DMACTLS
    39
    40 39A2 A9 00			lda #COLOR_BLACK     
    41 39A4 8D C5 02			sta GR8_PEN
    42 39A7 A9 42			lda #COLOR_AMIGA_BACKGROUND     
    43 39A9 8D C6 02			sta GR8_PAPER
    44 39AC A9 42			lda #COLOR_AMIGA_BACKGROUND     
    45 39AE 8D C8 02			sta GR8_FRAME
    46 					
    47 39B1 A9 0E			lda #COLOR_WHITE
    48 39B3 8D C5 02			sta COLOR1
    49 39B6 A9 00			lda #COLOR_BLACK
    50 39B8 8D C6 02			sta COLOR2
    51 					
    52
    53 39BB 60				rts
    54
    55 						
    16 39BC				ICL 'wait_vsync.asm'
Source: C:\jac\wudsn\Workspace\asm_t2\2022\floppy\wait_vsync.asm
     1
     2
     3 39BC			wait_hsync:
     4
     5 39BC 48				pha
     6
     7 39BD A9 52			lda #$52
     8 39BF 8D 0A D4			sta WSYNC	;WAIT
     9 39C2 68				pla
    10
    11 39C3 60				rts
    12
    13
    14 39C4			wait_vsync:
    15 39C4 48				pha
    16 39C5			wait_vsync_loop:
    17 39C5 AD 0B D4			lda VCOUNT
    18 39C8 C9 64			cmp #100
    19 39CA D0 F9			bne wait_vsync_loop 
    20 					
    21 39CC 68				pla
    22 39CD 60				rts
    23 					
    17 39CE				ICL 'math.asm'
Source: C:\jac\wudsn\Workspace\asm_t2\2022\floppy\math.asm
     1 39CE				org $1D00
     2 					
     3 				;MATH_SIN_LEN = 16
     4 				;MATH_SIN_MASK = %00001111	
     5 				; math_sin dta 127,176,218,245,255,245,218,176,127,78,36,9,0,9,36,78
     6 				; math_sin dta 128,176,218,245,255,245,218,176,128,79,37,10,0,10,37,79
     7 				        
     8 				;MATH_SIN_LEN = 64
     9 				;MATH_SIN_MASK = %00111111	
    10 				;math_sin dta 128,140,152,165,176,188,198,208,218,226,234,240,245,250,253,254,255,254,253,250,245,240,234,226,218,208,198,188,176,165,152,140,128,115,103,90,79,67,57,47,37,29,21,15,10,5,2,1,0,1,2,5,10,15,21,29,37,47,57,67,79,90,103,115
    11
    12 = 0100			MATH_SIN_LEN = 256
    13 = 00FF			MATH_SIN_MASK = %11111111	
    14 1D00-1F0F> 80 83 86 89 + math_sin dta 128,131,134,137,140,143,146,149,152,155,158,162,165,167,170,173,176,179,182,185,188,190,193,196,198,201,203,206,208,211,213,215,218,220,222,224,226,228,230,232,234,235,237,238,240,241,243,244,245,246,248,249,250,250,251,252,253,253,254,254,254,255,0,0,0,0,0,255,254,254,254,253,253,252,251,250,250,249,248,246,245,244,243,241,240,238,237,235,234,232,230,228,226,224,222,220,218,215,213,211,208,206,203,201,198,196,193,190,188,185,182,179,176,173,170,167,165,162,158,155,152,149,146,143,140,137,134,131,128,124,121,118,115,112,109,106,103,100,97,93,90,88,85,82,79,76,73,70,67,65,62,59,57,54,52,49,47,44,42,40,37,35,33,31,29,27,25,23,21,20,18,17,15,14,12,11,10,9,7,6,5,5,4,3,2,2,1,1,1,0,0,0,0,0,0,0,1,1,1,2,2,3,4,5,5,6,7,9,10,11,12,14,15,17,18,20,21,23,25,27,29,31,33,35,37,40,42,44,47,49,52,54,57,59,62,65,67,70,73,76,79,82,85,88,90,93,97,100,103,106,109,112,115,118,121,124
    15
    16 = 0010			MATH_SIN_LEN_16 = 16
    17 = 000F			MATH_SIN_MASK_16 = %00001111	
    18 1E00 80 B0 DA F5 FF F5 + math_sin_16 dta 128,176,218,245,255,245,218,176,128,79,37,10,0,10,37,79,128,176,218,245,255,245,218,176,128,79,37,10,0,10,37,79,128,176,218,245,255,245,218,176,128,79,37,10,0,10,37,79,128,176,218,245,255,245,218,176,128,79,37,10,0,10,37,79,128,176,218,245,255,245,218,176,128,79,37,10,0,10,37,79,128,176,218,245,255,245,218,176,128,79,37,10,0,10,37,79,128,176,218,245,255,245,218,176,128,79,37,10,0,10,37,79,128,176,218,245,255,245,218,176,128,79,37,10,0,10,37,79,128,176,218,245,255,245,218,176,128,79,37,10,0,10,37,79,128,176,218,245,255,245,218,176,128,79,37,10,0,10,37,79,128,176,218,245,255,245,218,176,128,79,37,10,0,10,37,79,128,176,218,245,255,245,218,176,128,79,37,10,0,10,37,79,128,176,218,245,255,245,218,176,128,79,37,10,0,10,37,79,128,176,218,245,255,245,218,176,128,79,37,10,0,10,37,79,128,176,218,245,255,245,218,176,128,79,37,10,0,10,37,79,128,176,218,245,255,245,218,176,128,79,37,10,0,10,37,79
    19
    20 1F00 C0 C0 60 40 30 27 + math_192_div dta 192,192,96,64,48,39,32,28,24,22,20,18,16,15,14,13
    18 1F10				ICL 'zero.asm'
Source: C:\jac\wudsn\Workspace\asm_t2\2022\floppy\zero.asm
     1 1F10				org $e0
     2
     3 00E0-00EE> 00		zero_a	dta 0
     4 00E1 00			zero_x	dta 0
     5 00E2 00			zero_y	dta 0
     6 00E3 00			zero_1	dta 0
     7 00E4 00			zero_2	dta 0
     8 00E5 00			zero_3	dta 0
     9 00E6 00			bar_size dta 0
    10 00E7 00			bar_color1 dta 0
    11 00E8 00			bar_color2 dta 0
    12 00E9 00			bar_color10 dta 0
    13 00EA 00			bar_color20 dta 0
    14 00EB			part1_image_data_address: 
    15 00EB 00 00			dta 0,0
    16 00ED			part1_screen_data_address: 
    17 00ED 00 00			dta 0,0
    19 00EF				ICL 'ghosts.asm'
Source: C:\jac\wudsn\Workspace\asm_t2\2022\floppy\ghosts.asm
     1 00EF				org $6000
     2
     3 6000			pm_base:
     4 6000-67FF> FF FF FF FF + 	:768 dta $FF
     5 6300			pm_missle:
     6 6300 FF FF FF FF FF FF + 	:256 dta $FF
     7 6400			pm_player0:
     8 6400 00 00 00 00 00 00 + 	:32 dta $00 ; frame
     9 6420 00 00 00 00 00 00 + 	:26 dta $00 ; position y
    10 643A CC CC CC CC CC CC + 	:72 dta $CC ; lines
    11 6482 00 00 00 00 00 00 + 	:126 dta $00
    12 6500			pm_player1:
    13 6500 00 00 00 00 00 00 + 	:32 dta $00 ; frame
    14 6520 00 00 00 00 00 00 + 	:26 dta $00 ; position y
    15 653A F0 F0 F0 F0 F0 F0 + 	:73 dta $F0 ; lines
    16 6583 00 00 00 00 00 00 + 	:125 dta $00
    17 6600			pm_player2:
    18 6600 FF FF FF FF FF FF + 	:256 dta $FF
    19 6700			pm_player3:
    20 6700 FF FF FF FF FF FF + 	:256 dta $FF
    21 					
    22 				.MACRO PM_SHOW
    23 				
    24 				;	lda #$60
    25 				;	sta PMBASE
    26 				;	lda #0
    27 				;	sta SIZEP0
    28 				;	lda #COLOR_WHITE
    29 				;	sta COLPM0
    30 				;	sta COLPM0S
    31 				;	lda #100
    32 				;	sta HPOSP0
    33 				;	lda #3
    34 				;	sta PMCTL
    35 				;	lda #1
    36 				;	sta GTIACTL
    37 				
    38 				;	lda DMACTLS
    39 				;	ora #%00011000
    40 				;	sta DMACTLS
    41 				
    42 				
    43 					lda #$60
    44 					sta 54279	; PMBASE
    45 				
    46 					lda #1
    47 					sta 623		; GTIACTL
    48 				
    49 					lda #COLOR_AMIGA_BACKGROUND
    50 					sta COLPM0S	; KOLOR
    51 					sta COLPM1S	; KOLOR
    52 					sta COLPM2S	; KOLOR
    53 					sta COLPM3S	; KOLOR
    54 					sta COLPM0	; KOLOR
    55 					sta COLPM1	; KOLOR
    56 					sta COLPM2	; KOLOR
    57 					sta COLPM3	; KOLOR
    58 				
    59 					; szerokoϾ
    60 					lda #1
    61 					sta SIZEP0	; SIZEP0
    62 					lda #1
    63 					sta SIZEP1	; SIZEP0
    64 					lda #1
    65 					sta SIZEP2	; SIZEP0
    66 					lda #0
    67 					sta SIZEP3	; SIZEP0
    68 				
    69 					lda #2
    70 					sta 53277	; PMCTL
    71 				
    72 				
    73 					; enable PM DMA
    74 					lda #%11100111
    75 					and DMACTLS
    76 					ora #%00011000
    77 				
    78 					sta DMACTLS		; DMACTLS
    79 				
    80 					; 64 - begin
    81 					; 4,8,12,16
    82 				;	lda #98
    83 				;	sta HPOSP0 
    84 				
    85 				;	lda #88
    86 				;	sta HPOSP1 
    87 				
    88 				;	lda #150
    89 				;	sta HPOSP2 
    90 				
    91 				;	lda #180
    92 				;	sta HPOSP3 
    93 				
    94 				.ENDM
    95
    96 				.MACRO PM_MOVE
    97 					lda RTCLOCK_0
    98 					sta 53248
    99 				.ENDM
   100
    20
