mads 2.0.6 build 58 (28 Jan 17)
Source: C:\jac\wudsn\Workspace\asm_t2\2022\floppy\screen_mem.asm
     1 					org $4000
     2
     3 					.local graphics
     4 FFFF> 4000-7D41> 00 00 + 	ins "..\pic\test.gr8"
     5 					.endl
     6
     7 = 4000			screen_mem_1 = $4000
     8 = 4800			screen_mem_1_1 = $4800
     9 = 5000			screen_mem_1_2 = $5000
    10
    11 5E02 00 00 00 00 00 00 + 	:8000 dta 0
    12
    13 7D42				org $5800
    14 					
    15 = 5800			screen_mem_2 = $5800
    16 = 6000			screen_mem_2_1 = $6000
    17 = 6800			screen_mem_2_2 = $6800
    18
    19 5800				org $7000
    20 7000			screen_adr
    21 7000-7063> 00 00			dta 0,0
    22
    23 7002			screen_clear:
    24 					REG_PUSH
    25 7002 AD 00 70 8D 15 70 + 	mwa screen_adr screen_clear_loop_2+1
    26 700E A9 00			lda #0
    27 7010 A2 18			ldx #24
    28 7012			screen_clear_loop_1
    29 7012 A0 00			ldy #0	
    30 7014			screen_clear_loop_2	
    31 7014 99 00 00			sta $0000,y
    32 7017 C8				iny
    33 7018 D0 FA			bne screen_clear_loop_2
    34 701A EE 16 70			inc screen_clear_loop_2+2
    35 701D CA				dex
    36 701E D0 F4			bne screen_clear_loop_2
    37 					REG_PULL
    38 7020 60				rts	
    39
    40 7021			screen_fill:
    41 					REG_PUSH
    42 7021 AD 00 70 8D 34 70 + 	mwa screen_adr screen_fill_loop_2+1
    43 702D A9 FF			lda #255
    44 702F A2 08			ldx #8
    45 7031			screen_fill_loop_1
    46 7031 A0 00			ldy #0	
    47 7033			screen_fill_loop_2	
    48 7033 99 00 00			sta $0000,y
    49 7036 C8				iny
    50 7037 D0 FA			bne screen_fill_loop_2
    51 7039 EE 35 70			inc screen_fill_loop_2+2
    52 703C CA				dex
    53 703D D0 F4			bne screen_fill_loop_2
    54 					REG_PULL
    55 703F 60				rts	
    56
    57 					
    58 7040			screen_set_read_1:
    59 					; load display list address to register
    60 7040 A9 00 85 00 85 00		mwa #dl_antic_1 DLIST
    61 7046 60				rts
    62 7047			screen_set_write_1:
    63 					; switch working buffer pointer
    64 7047 A9 00 8D 00 70 A9 + 	mwa #screen_mem_1 screen_adr
    65 7051 60				rts
    66
    67 7052			screen_set_read_2:
    68 					; load display list address to register
    69 7052 A9 00 85 00 85 00		mwa #dl_antic_2 DLIST
    70 7058 60				rts
    71 7059			screen_set_write_2:	
    72 					; switch working buffer pointer
    73 7059 A9 00 8D 00 70 A9 + 	mwa #screen_mem_2 screen_adr
    74 7063 60				rts
    75 					
