mads 2.0.6 build 58 (28 Jan 17)
Source: C:\jac\wudsn\Workspace\Atari800\asm_t2\zx2\aaaa1.asm
     1 					ICL 'macro.asm'
Source: C:\jac\wudsn\Workspace\Atari800\asm_t2\zx2\macro.asm
     1 				.MACRO REG_PUSH 
     2 					pha
     3 					txa
     4 					pha
     5 					tya
     6 					pha
     7 				.ENDM
     8
     9 				.MACRO REG_PULL
    10 					pla
    11 					tay
    12 					pla
    13 					tax
    14 					pla
    15 				.ENDM
    16
    17 				.MACRO SLEEP frames
    18 					lda RTCLOCK_0
    19 					add #:frames
    20 				SLEEP_LOOP:
    21 					cmp RTCLOCK_0
    22 					bne SLEEP_LOOP
    23 				.ENDM
    24
    25 				.MACRO LINE_SPACE_9_CYCLES
    26 					nop
    27 					nop
    28 					nop
    29 					sta bar_color20	; 3 cycles
    30 				.ENDM
    31
    32 				.MACRO LINE_SPACE_10_CYCLES
    33 					nop
    34 					nop
    35 					nop
    36 					nop
    37 					nop
    38 				.ENDM
    39
    40 				.MACRO LINE_SPACE_11_CYCLES
    41 					nop
    42 					nop
    43 					nop
    44 					nop
    45 					sta bar_color20	; 3 cycles
    46 				.ENDM
    47
    48 				.MACRO LINE_WAIT
    49 					sta WSYNC	;WAIT
    50 				.ENDM
    51
    52 				.MACRO LINE_COLOR_CALC
    53 					dex
    54 					dey
    55 				.ENDM
    56
    57 				.MACRO LINE_NOP_HALF
    58 					LINE_WAIT
    59 				
    60 					;; 4 nops
    61 					LINE_COLOR_CALC
    62 					
    63 					LINE_NOP_SPACE_1
    64 					
    65 					sta bar_color20	; 3 cycles
    66 					stx DLI_PAPER	; 4 cycles
    67 				;	stx DLI_PEN	; 4 cycles
    68 					LINE_NOP_SPACE_2
    69 					sty DLI_PAPER	; 4 cycles
    70 				;	sty DLI_PEN	; 4 cycles
    71 				.ENDM
    72
    73 				.MACRO LINE_NOP_NORMAL
    74 					LINE_WAIT
    75 					LINE_COLOR_CALC
    76 					sty COLPM0
    77 					sty COLPM1
    78 					stx COLPM2
    79 					stx COLPM3
    80 					stx DLI_PAPER	; 4 cycles
    81 					LINE_SPACE_10_CYCLES
    82 					nop
    83 					sty DLI_PAPER	; 4 cycles
    84 				.ENDM
    85
    86 				.MACRO LINE_NOP_SHORT
    87 					LINE_WAIT
    88 					LINE_COLOR_CALC
    89 					sty COLPM0
    90 					sty COLPM1
    91 					stx COLPM2
    92 					stx COLPM3
    93 					stx DLI_PAPER	; 4 cycles
    94 					LINE_SPACE_10_CYCLES
    95 					sty DLI_PAPER	; 4 cycles
    96 				.ENDM
    97
    98 				.MACRO LINE_NOP_LAST
    99 					LINE_WAIT
   100 					stx DLI_PAPER	; 4 cycles
   101 					lda #1
   102 					sta COLPM0
   103 					sta COLPM1
   104 					sta COLPM2
   105 					sta COLPM3
   106 					LINE_SPACE_10_CYCLES
   107 					nop
   108 					sty DLI_PAPER	; 4 cycles
   109 				.ENDM
   110
   111 				.MACRO DLI_ENABLE handler
   112 					mwa #:handler VDSLST
   113 					lda #$c0
   114 					sta NMIEN
   115 				.ENDM
   116
   117 				.MACRO DLI_DISABLE
   118 					lda #$40
   119 					sta NMIEN
   120 				.ENDM
     2
     3 					org $2000
     4
     5 					.proc main
     6 					
     7 FFFF> 2000-2412> 20 98 + 	jsr dl_set_mode
     8 					
     9 2003 20 0A 20			jsr zx
    10 2006 20 07 68			jsr part1
    11 					
    12 2009 60				rts
    13
    14 					.endp
    15 					
    16 200A				ICL 'zx.asm'
Source: C:\jac\wudsn\Workspace\Atari800\asm_t2\zx2\zx.asm
     1 200A			zx:
     2 200A A9 00			lda #COLOR_BLACK     
     3 200C 8D C5 02			sta GR8_PEN
     4 200F A9 0E			lda #COLOR_WHITE     
     5 2011 8D C6 02			sta GR8_PAPER
     6 2014 A9 0E			lda #COLOR_WHITE     
     7 2016 8D C8 02			sta GR8_FRAME
     8
     9 2019 20 75 8C			jsr screen_set_write_2
    10 201C 20 6A 8C			jsr screen_set_read_2
    11 					
    12 201F			zx_loop:
    13
    14 201F				ICL "zx_boot.asm"
Source: C:\jac\wudsn\Workspace\Atari800\asm_t2\zx2\zx_boot.asm
     1 201F A9 0E			lda #COLOR_WHITE
     2 2021 8D C8 02			sta GR8_FRAME
     3 2024 20 2B 8C			jsr screen_fill
     4 2027				SLEEP 50
Macro: SLEEP [Source: C:\jac\wudsn\Workspace\Atari800\asm_t2\zx2\macro.asm]
     1 2027 A5 14			lda RTCLOCK_0
     2 2029 18 69 32			add #50
     3 202C			SLEEP_LOOP:
     4 202C C5 14			cmp RTCLOCK_0
     5 202E D0 FC			bne SLEEP_LOOP
Source: C:\jac\wudsn\Workspace\Atari800\asm_t2\zx2\zx_boot.asm
     5 2030 20 02 8C			jsr screen_clear
     6 					
     7 2033				MEMCOPY_BLOCK image_data_sinclair_research screen_mem_zx
Macro: MEMCOPY_BLOCK [Source: C:\jac\wudsn\Workspace\Atari800\asm_t2\zx2\func.asm]
     1 2033 A9 00 85 EF A9 88 + 	mwa #IMAGE_DATA_SINCLAIR_RESEARCH memcopy_block_src
     2 203B A9 00 85 F1 A9 87 + 	mwa #SCREEN_MEM_ZX memcopy_block_dst
     4 2043 20 FF 23			jsr memcopy_block_func
Source: C:\jac\wudsn\Workspace\Atari800\asm_t2\zx2\zx_boot.asm
     8 2046				SLEEP 50
Macro: SLEEP [Source: C:\jac\wudsn\Workspace\Atari800\asm_t2\zx2\macro.asm]
     1 2046 A5 14			lda RTCLOCK_0
     2 2048 18 69 32			add #50
     3 204B			SLEEP_LOOP:
     4 204B C5 14			cmp RTCLOCK_0
     5 204D D0 FC			bne SLEEP_LOOP
Source: C:\jac\wudsn\Workspace\Atari800\asm_t2\zx2\zx_boot.asm
     9
    10 204F 20 02 8C			jsr screen_clear
    11 				;	MEMCOPY_BLOCK image_data_load_pp_L screen_mem_zx
    12 				;	SLEEP 50
    13 					
    14 2052				ZX_PRINT 'L'-32 0 23
Macro: ZX_PRINT [Source: C:\jac\wudsn\Workspace\Atari800\asm_t2\zx2\zx_func.asm]
     1 2052 A9 2C			lda #'L'-32
     2 2054 A2 00			ldx #0
     3 2056 A0 17			ldy #23
     4 2058 20 71 22			jsr zx_print_func
Source: C:\jac\wudsn\Workspace\Atari800\asm_t2\zx2\zx_boot.asm
    15 205B				ZX_PRINT 'O'-32 1 23
Macro: ZX_PRINT [Source: C:\jac\wudsn\Workspace\Atari800\asm_t2\zx2\zx_func.asm]
     1 205B A9 2F			lda #'O'-32
     2 205D A2 01			ldx #1
     3 205F A0 17			ldy #23
     4 2061 20 71 22			jsr zx_print_func
Source: C:\jac\wudsn\Workspace\Atari800\asm_t2\zx2\zx_boot.asm
    16 2064				ZX_PRINT 'A'-32 2 23
Macro: ZX_PRINT [Source: C:\jac\wudsn\Workspace\Atari800\asm_t2\zx2\zx_func.asm]
     1 2064 A9 21			lda #'A'-32
     2 2066 A2 02			ldx #2
     3 2068 A0 17			ldy #23
     4 206A 20 71 22			jsr zx_print_func
Source: C:\jac\wudsn\Workspace\Atari800\asm_t2\zx2\zx_boot.asm
    17 206D				ZX_PRINT 'D'-32 3 23
Macro: ZX_PRINT [Source: C:\jac\wudsn\Workspace\Atari800\asm_t2\zx2\zx_func.asm]
     1 206D A9 24			lda #'D'-32
     2 206F A2 03			ldx #3
     3 2071 A0 17			ldy #23
     4 2073 20 71 22			jsr zx_print_func
Source: C:\jac\wudsn\Workspace\Atari800\asm_t2\zx2\zx_boot.asm
    18 2076				ZX_PRINT ' '-32 4 23
Macro: ZX_PRINT [Source: C:\jac\wudsn\Workspace\Atari800\asm_t2\zx2\zx_func.asm]
     1 2076 A9 00			lda #' '-32
     2 2078 A2 04			ldx #4
     3 207A A0 17			ldy #23
     4 207C 20 71 22			jsr zx_print_func
Source: C:\jac\wudsn\Workspace\Atari800\asm_t2\zx2\zx_boot.asm
    19 207F				ZX_PRINT_INV 'L'-32 5 23
Macro: ZX_PRINT_INV [Source: C:\jac\wudsn\Workspace\Atari800\asm_t2\zx2\zx_func.asm]
     1 207F A9 2C			lda #'L'-32
     2 2081 A2 05			ldx #5
     3 2083 A0 17			ldy #23
     4 2085 20 37 23			jsr zx_print_inv_func
Source: C:\jac\wudsn\Workspace\Atari800\asm_t2\zx2\zx_boot.asm
    20 2088				SLEEP 25
Macro: SLEEP [Source: C:\jac\wudsn\Workspace\Atari800\asm_t2\zx2\macro.asm]
     1 2088 A5 14			lda RTCLOCK_0
     2 208A 18 69 19			add #25
     3 208D			SLEEP_LOOP:
     4 208D C5 14			cmp RTCLOCK_0
     5 208F D0 FC			bne SLEEP_LOOP
Source: C:\jac\wudsn\Workspace\Atari800\asm_t2\zx2\zx_boot.asm
    21 2091				ZX_PRINT 'L'-32 5 23
Macro: ZX_PRINT [Source: C:\jac\wudsn\Workspace\Atari800\asm_t2\zx2\zx_func.asm]
     1 2091 A9 2C			lda #'L'-32
     2 2093 A2 05			ldx #5
     3 2095 A0 17			ldy #23
     4 2097 20 71 22			jsr zx_print_func
Source: C:\jac\wudsn\Workspace\Atari800\asm_t2\zx2\zx_boot.asm
    22 209A				SLEEP 25
Macro: SLEEP [Source: C:\jac\wudsn\Workspace\Atari800\asm_t2\zx2\macro.asm]
     1 209A A5 14			lda RTCLOCK_0
     2 209C 18 69 19			add #25
     3 209F			SLEEP_LOOP:
     4 209F C5 14			cmp RTCLOCK_0
     5 20A1 D0 FC			bne SLEEP_LOOP
Source: C:\jac\wudsn\Workspace\Atari800\asm_t2\zx2\zx_boot.asm
    23 20A3				ZX_PRINT_INV 'L'-32 5 23
Macro: ZX_PRINT_INV [Source: C:\jac\wudsn\Workspace\Atari800\asm_t2\zx2\zx_func.asm]
     1 20A3 A9 2C			lda #'L'-32
     2 20A5 A2 05			ldx #5
     3 20A7 A0 17			ldy #23
     4 20A9 20 37 23			jsr zx_print_inv_func
Source: C:\jac\wudsn\Workspace\Atari800\asm_t2\zx2\zx_boot.asm
    24 20AC				SLEEP 25
Macro: SLEEP [Source: C:\jac\wudsn\Workspace\Atari800\asm_t2\zx2\macro.asm]
     1 20AC A5 14			lda RTCLOCK_0
     2 20AE 18 69 19			add #25
     3 20B1			SLEEP_LOOP:
     4 20B1 C5 14			cmp RTCLOCK_0
     5 20B3 D0 FC			bne SLEEP_LOOP
Source: C:\jac\wudsn\Workspace\Atari800\asm_t2\zx2\zx_boot.asm
    25 20B5				ZX_PRINT 'L'-32 5 23
Macro: ZX_PRINT [Source: C:\jac\wudsn\Workspace\Atari800\asm_t2\zx2\zx_func.asm]
     1 20B5 A9 2C			lda #'L'-32
     2 20B7 A2 05			ldx #5
     3 20B9 A0 17			ldy #23
     4 20BB 20 71 22			jsr zx_print_func
Source: C:\jac\wudsn\Workspace\Atari800\asm_t2\zx2\zx_boot.asm
    26 20BE				SLEEP 25
Macro: SLEEP [Source: C:\jac\wudsn\Workspace\Atari800\asm_t2\zx2\macro.asm]
     1 20BE A5 14			lda RTCLOCK_0
     2 20C0 18 69 19			add #25
     3 20C3			SLEEP_LOOP:
     4 20C3 C5 14			cmp RTCLOCK_0
     5 20C5 D0 FC			bne SLEEP_LOOP
Source: C:\jac\wudsn\Workspace\Atari800\asm_t2\zx2\zx_boot.asm
    27 20C7				ZX_PRINT '"'-32 5 23
Macro: ZX_PRINT [Source: C:\jac\wudsn\Workspace\Atari800\asm_t2\zx2\zx_func.asm]
     1 20C7 A9 02			lda #'"'-32
     2 20C9 A2 05			ldx #5
     3 20CB A0 17			ldy #23
     4 20CD 20 71 22			jsr zx_print_func
Source: C:\jac\wudsn\Workspace\Atari800\asm_t2\zx2\zx_boot.asm
    28 20D0				ZX_PRINT_INV 'L'-32 6 23
Macro: ZX_PRINT_INV [Source: C:\jac\wudsn\Workspace\Atari800\asm_t2\zx2\zx_func.asm]
     1 20D0 A9 2C			lda #'L'-32
     2 20D2 A2 06			ldx #6
     3 20D4 A0 17			ldy #23
     4 20D6 20 37 23			jsr zx_print_inv_func
Source: C:\jac\wudsn\Workspace\Atari800\asm_t2\zx2\zx_boot.asm
    29 20D9				SLEEP 25
Macro: SLEEP [Source: C:\jac\wudsn\Workspace\Atari800\asm_t2\zx2\macro.asm]
     1 20D9 A5 14			lda RTCLOCK_0
     2 20DB 18 69 19			add #25
     3 20DE			SLEEP_LOOP:
     4 20DE C5 14			cmp RTCLOCK_0
     5 20E0 D0 FC			bne SLEEP_LOOP
Source: C:\jac\wudsn\Workspace\Atari800\asm_t2\zx2\zx_boot.asm
    30 20E2				ZX_PRINT '"'-32 6 23
Macro: ZX_PRINT [Source: C:\jac\wudsn\Workspace\Atari800\asm_t2\zx2\zx_func.asm]
     1 20E2 A9 02			lda #'"'-32
     2 20E4 A2 06			ldx #6
     3 20E6 A0 17			ldy #23
     4 20E8 20 71 22			jsr zx_print_func
Source: C:\jac\wudsn\Workspace\Atari800\asm_t2\zx2\zx_boot.asm
    31 20EB				ZX_PRINT_INV 'L'-32 7 23
Macro: ZX_PRINT_INV [Source: C:\jac\wudsn\Workspace\Atari800\asm_t2\zx2\zx_func.asm]
     1 20EB A9 2C			lda #'L'-32
     2 20ED A2 07			ldx #7
     3 20EF A0 17			ldy #23
     4 20F1 20 37 23			jsr zx_print_inv_func
Source: C:\jac\wudsn\Workspace\Atari800\asm_t2\zx2\zx_boot.asm
    32 20F4				SLEEP 25
Macro: SLEEP [Source: C:\jac\wudsn\Workspace\Atari800\asm_t2\zx2\macro.asm]
     1 20F4 A5 14			lda RTCLOCK_0
     2 20F6 18 69 19			add #25
     3 20F9			SLEEP_LOOP:
     4 20F9 C5 14			cmp RTCLOCK_0
     5 20FB D0 FC			bne SLEEP_LOOP
Source: C:\jac\wudsn\Workspace\Atari800\asm_t2\zx2\zx_boot.asm
    33 20FD				ZX_PRINT 'L'-32 7 23
Macro: ZX_PRINT [Source: C:\jac\wudsn\Workspace\Atari800\asm_t2\zx2\zx_func.asm]
     1 20FD A9 2C			lda #'L'-32
     2 20FF A2 07			ldx #7
     3 2101 A0 17			ldy #23
     4 2103 20 71 22			jsr zx_print_func
Source: C:\jac\wudsn\Workspace\Atari800\asm_t2\zx2\zx_boot.asm
    34 2106				SLEEP 25
Macro: SLEEP [Source: C:\jac\wudsn\Workspace\Atari800\asm_t2\zx2\macro.asm]
     1 2106 A5 14			lda RTCLOCK_0
     2 2108 18 69 19			add #25
     3 210B			SLEEP_LOOP:
     4 210B C5 14			cmp RTCLOCK_0
     5 210D D0 FC			bne SLEEP_LOOP
Source: C:\jac\wudsn\Workspace\Atari800\asm_t2\zx2\zx_boot.asm
    35 210F				ZX_PRINT_INV 'L'-32 7 23
Macro: ZX_PRINT_INV [Source: C:\jac\wudsn\Workspace\Atari800\asm_t2\zx2\zx_func.asm]
     1 210F A9 2C			lda #'L'-32
     2 2111 A2 07			ldx #7
     3 2113 A0 17			ldy #23
     4 2115 20 37 23			jsr zx_print_inv_func
Source: C:\jac\wudsn\Workspace\Atari800\asm_t2\zx2\zx_boot.asm
    36 2118				SLEEP 25
Macro: SLEEP [Source: C:\jac\wudsn\Workspace\Atari800\asm_t2\zx2\macro.asm]
     1 2118 A5 14			lda RTCLOCK_0
     2 211A 18 69 19			add #25
     3 211D			SLEEP_LOOP:
     4 211D C5 14			cmp RTCLOCK_0
     5 211F D0 FC			bne SLEEP_LOOP
Source: C:\jac\wudsn\Workspace\Atari800\asm_t2\zx2\zx_boot.asm
    37 2121				ZX_PRINT 'L'-32 7 23
Macro: ZX_PRINT [Source: C:\jac\wudsn\Workspace\Atari800\asm_t2\zx2\zx_func.asm]
     1 2121 A9 2C			lda #'L'-32
     2 2123 A2 07			ldx #7
     3 2125 A0 17			ldy #23
     4 2127 20 71 22			jsr zx_print_func
Source: C:\jac\wudsn\Workspace\Atari800\asm_t2\zx2\zx_boot.asm
    38 212A				SLEEP 25
Macro: SLEEP [Source: C:\jac\wudsn\Workspace\Atari800\asm_t2\zx2\macro.asm]
     1 212A A5 14			lda RTCLOCK_0
     2 212C 18 69 19			add #25
     3 212F			SLEEP_LOOP:
     4 212F C5 14			cmp RTCLOCK_0
     5 2131 D0 FC			bne SLEEP_LOOP
Source: C:\jac\wudsn\Workspace\Atari800\asm_t2\zx2\zx_boot.asm
    39 					
    40 					
    41 					
    15 2133				ICL "zx_load.asm"	
Source: C:\jac\wudsn\Workspace\Atari800\asm_t2\zx2\zx_load.asm
     1 2133 20 02 8C			jsr screen_clear
     2 					
     3 2136				SLEEP 25
Macro: SLEEP [Source: C:\jac\wudsn\Workspace\Atari800\asm_t2\zx2\macro.asm]
     1 2136 A5 14			lda RTCLOCK_0
     2 2138 18 69 19			add #25
     3 213B			SLEEP_LOOP:
     4 213B C5 14			cmp RTCLOCK_0
     5 213D D0 FC			bne SLEEP_LOOP
Source: C:\jac\wudsn\Workspace\Atari800\asm_t2\zx2\zx_load.asm
     4 213F A9 AC			lda #COLOR_CYAN
     5 2141 8D C8 02			sta GR8_FRAME
     6 2144				SLEEP 25
Macro: SLEEP [Source: C:\jac\wudsn\Workspace\Atari800\asm_t2\zx2\macro.asm]
     1 2144 A5 14			lda RTCLOCK_0
     2 2146 18 69 19			add #25
     3 2149			SLEEP_LOOP:
     4 2149 C5 14			cmp RTCLOCK_0
     5 214B D0 FC			bne SLEEP_LOOP
Source: C:\jac\wudsn\Workspace\Atari800\asm_t2\zx2\zx_load.asm
     7 214D A9 0E			lda #COLOR_WHITE
     8 214F 8D C8 02			sta GR8_FRAME
     9 					
    10 2152				SLEEP 25
Macro: SLEEP [Source: C:\jac\wudsn\Workspace\Atari800\asm_t2\zx2\macro.asm]
     1 2152 A5 14			lda RTCLOCK_0
     2 2154 18 69 19			add #25
     3 2157			SLEEP_LOOP:
     4 2157 C5 14			cmp RTCLOCK_0
     5 2159 D0 FC			bne SLEEP_LOOP
Source: C:\jac\wudsn\Workspace\Atari800\asm_t2\zx2\zx_load.asm
    11 215B A9 AC			lda #COLOR_CYAN
    12 215D 8D C8 02			sta GR8_FRAME
    13 2160				SLEEP 25
Macro: SLEEP [Source: C:\jac\wudsn\Workspace\Atari800\asm_t2\zx2\macro.asm]
     1 2160 A5 14			lda RTCLOCK_0
     2 2162 18 69 19			add #25
     3 2165			SLEEP_LOOP:
     4 2165 C5 14			cmp RTCLOCK_0
     5 2167 D0 FC			bne SLEEP_LOOP
Source: C:\jac\wudsn\Workspace\Atari800\asm_t2\zx2\zx_load.asm
    14 2169 A9 0E			lda #COLOR_WHITE
    15 216B 8D C8 02			sta GR8_FRAME
    16
    17 216E				SLEEP 25
Macro: SLEEP [Source: C:\jac\wudsn\Workspace\Atari800\asm_t2\zx2\macro.asm]
     1 216E A5 14			lda RTCLOCK_0
     2 2170 18 69 19			add #25
     3 2173			SLEEP_LOOP:
     4 2173 C5 14			cmp RTCLOCK_0
     5 2175 D0 FC			bne SLEEP_LOOP
Source: C:\jac\wudsn\Workspace\Atari800\asm_t2\zx2\zx_load.asm
    18 2177 A9 AC			lda #COLOR_CYAN
    19 2179 8D C8 02			sta GR8_FRAME
    20
    21 217C				DLI_ENABLE zx_dli_header_block
Macro: DLI_ENABLE [Source: C:\jac\wudsn\Workspace\Atari800\asm_t2\zx2\macro.asm]
     1 217C A9 16 8D 00 02 A9 + 	mwa #ZX_DLI_HEADER_BLOCK VDSLST
     2 2186 A9 C0			lda #$c0
     3 2188 8D 0E D4			sta NMIEN
Source: C:\jac\wudsn\Workspace\Atari800\asm_t2\zx2\zx_load.asm
    22 218B				SLEEP 175
Macro: SLEEP [Source: C:\jac\wudsn\Workspace\Atari800\asm_t2\zx2\macro.asm]
     1 218B A5 14			lda RTCLOCK_0
     2 218D 18 69 AF			add #175
     3 2190			SLEEP_LOOP:
     4 2190 C5 14			cmp RTCLOCK_0
     5 2192 D0 FC			bne SLEEP_LOOP
Source: C:\jac\wudsn\Workspace\Atari800\asm_t2\zx2\zx_load.asm
    23 2194				DLI_DISABLE
Macro: DLI_DISABLE [Source: C:\jac\wudsn\Workspace\Atari800\asm_t2\zx2\macro.asm]
     1 2194 A9 40			lda #$40
     2 2196 8D 0E D4			sta NMIEN
Source: C:\jac\wudsn\Workspace\Atari800\asm_t2\zx2\zx_load.asm
    24 					
    25 2199				ZX_PRINT 'P'-32 0 0
Macro: ZX_PRINT [Source: C:\jac\wudsn\Workspace\Atari800\asm_t2\zx2\zx_func.asm]
     1 2199 A9 30			lda #'P'-32
     2 219B A2 00			ldx #0
     3 219D A0 00			ldy #0
     4 219F 20 71 22			jsr zx_print_func
Source: C:\jac\wudsn\Workspace\Atari800\asm_t2\zx2\zx_load.asm
    26 21A2				ZX_PRINT 'r'-32 1 0
Macro: ZX_PRINT [Source: C:\jac\wudsn\Workspace\Atari800\asm_t2\zx2\zx_func.asm]
     1 21A2 A9 52			lda #'r'-32
     2 21A4 A2 01			ldx #1
     3 21A6 A0 00			ldy #0
     4 21A8 20 71 22			jsr zx_print_func
Source: C:\jac\wudsn\Workspace\Atari800\asm_t2\zx2\zx_load.asm
    27 21AB				ZX_PRINT 'o'-32 2 0
Macro: ZX_PRINT [Source: C:\jac\wudsn\Workspace\Atari800\asm_t2\zx2\zx_func.asm]
     1 21AB A9 4F			lda #'o'-32
     2 21AD A2 02			ldx #2
     3 21AF A0 00			ldy #0
     4 21B1 20 71 22			jsr zx_print_func
Source: C:\jac\wudsn\Workspace\Atari800\asm_t2\zx2\zx_load.asm
    28 21B4				ZX_PRINT 'g'-32 3 0
Macro: ZX_PRINT [Source: C:\jac\wudsn\Workspace\Atari800\asm_t2\zx2\zx_func.asm]
     1 21B4 A9 47			lda #'g'-32
     2 21B6 A2 03			ldx #3
     3 21B8 A0 00			ldy #0
     4 21BA 20 71 22			jsr zx_print_func
Source: C:\jac\wudsn\Workspace\Atari800\asm_t2\zx2\zx_load.asm
    29 21BD				ZX_PRINT 'r'-32 4 0
Macro: ZX_PRINT [Source: C:\jac\wudsn\Workspace\Atari800\asm_t2\zx2\zx_func.asm]
     1 21BD A9 52			lda #'r'-32
     2 21BF A2 04			ldx #4
     3 21C1 A0 00			ldy #0
     4 21C3 20 71 22			jsr zx_print_func
Source: C:\jac\wudsn\Workspace\Atari800\asm_t2\zx2\zx_load.asm
    30 21C6				ZX_PRINT 'a'-32 5 0
Macro: ZX_PRINT [Source: C:\jac\wudsn\Workspace\Atari800\asm_t2\zx2\zx_func.asm]
     1 21C6 A9 41			lda #'a'-32
     2 21C8 A2 05			ldx #5
     3 21CA A0 00			ldy #0
     4 21CC 20 71 22			jsr zx_print_func
Source: C:\jac\wudsn\Workspace\Atari800\asm_t2\zx2\zx_load.asm
    31 21CF				ZX_PRINT 'm'-32 6 0
Macro: ZX_PRINT [Source: C:\jac\wudsn\Workspace\Atari800\asm_t2\zx2\zx_func.asm]
     1 21CF A9 4D			lda #'m'-32
     2 21D1 A2 06			ldx #6
     3 21D3 A0 00			ldy #0
     4 21D5 20 71 22			jsr zx_print_func
Source: C:\jac\wudsn\Workspace\Atari800\asm_t2\zx2\zx_load.asm
    32 21D8				ZX_PRINT ':'-32 7 0
Macro: ZX_PRINT [Source: C:\jac\wudsn\Workspace\Atari800\asm_t2\zx2\zx_func.asm]
     1 21D8 A9 1A			lda #':'-32
     2 21DA A2 07			ldx #7
     3 21DC A0 00			ldy #0
     4 21DE 20 71 22			jsr zx_print_func
Source: C:\jac\wudsn\Workspace\Atari800\asm_t2\zx2\zx_load.asm
    33 					
    34 21E1				ZX_PRINT 'R'-32 9 0
Macro: ZX_PRINT [Source: C:\jac\wudsn\Workspace\Atari800\asm_t2\zx2\zx_func.asm]
     1 21E1 A9 32			lda #'R'-32
     2 21E3 A2 09			ldx #9
     3 21E5 A0 00			ldy #0
     4 21E7 20 71 22			jsr zx_print_func
Source: C:\jac\wudsn\Workspace\Atari800\asm_t2\zx2\zx_load.asm
    35 21EA				ZX_PRINT 'A'-32 10 0
Macro: ZX_PRINT [Source: C:\jac\wudsn\Workspace\Atari800\asm_t2\zx2\zx_func.asm]
     1 21EA A9 21			lda #'A'-32
     2 21EC A2 0A			ldx #10
     3 21EE A0 00			ldy #0
     4 21F0 20 71 22			jsr zx_print_func
Source: C:\jac\wudsn\Workspace\Atari800\asm_t2\zx2\zx_load.asm
    36 21F3				ZX_PRINT 'I'-32 11 0
Macro: ZX_PRINT [Source: C:\jac\wudsn\Workspace\Atari800\asm_t2\zx2\zx_func.asm]
     1 21F3 A9 29			lda #'I'-32
     2 21F5 A2 0B			ldx #11
     3 21F7 A0 00			ldy #0
     4 21F9 20 71 22			jsr zx_print_func
Source: C:\jac\wudsn\Workspace\Atari800\asm_t2\zx2\zx_load.asm
    37 21FC				ZX_PRINT 'N'-32 12 0
Macro: ZX_PRINT [Source: C:\jac\wudsn\Workspace\Atari800\asm_t2\zx2\zx_func.asm]
     1 21FC A9 2E			lda #'N'-32
     2 21FE A2 0C			ldx #12
     3 2200 A0 00			ldy #0
     4 2202 20 71 22			jsr zx_print_func
Source: C:\jac\wudsn\Workspace\Atari800\asm_t2\zx2\zx_load.asm
    38 2205				ZX_PRINT 'B'-32 13 0
Macro: ZX_PRINT [Source: C:\jac\wudsn\Workspace\Atari800\asm_t2\zx2\zx_func.asm]
     1 2205 A9 22			lda #'B'-32
     2 2207 A2 0D			ldx #13
     3 2209 A0 00			ldy #0
     4 220B 20 71 22			jsr zx_print_func
Source: C:\jac\wudsn\Workspace\Atari800\asm_t2\zx2\zx_load.asm
    39 220E				ZX_PRINT 'O'-32 14 0
Macro: ZX_PRINT [Source: C:\jac\wudsn\Workspace\Atari800\asm_t2\zx2\zx_func.asm]
     1 220E A9 2F			lda #'O'-32
     2 2210 A2 0E			ldx #14
     3 2212 A0 00			ldy #0
     4 2214 20 71 22			jsr zx_print_func
Source: C:\jac\wudsn\Workspace\Atari800\asm_t2\zx2\zx_load.asm
    40 2217				ZX_PRINT 'W'-32 15 0
Macro: ZX_PRINT [Source: C:\jac\wudsn\Workspace\Atari800\asm_t2\zx2\zx_func.asm]
     1 2217 A9 37			lda #'W'-32
     2 2219 A2 0F			ldx #15
     3 221B A0 00			ldy #0
     4 221D 20 71 22			jsr zx_print_func
Source: C:\jac\wudsn\Workspace\Atari800\asm_t2\zx2\zx_load.asm
    41 2220				ZX_PRINT 'O'-32 16 0
Macro: ZX_PRINT [Source: C:\jac\wudsn\Workspace\Atari800\asm_t2\zx2\zx_func.asm]
     1 2220 A9 2F			lda #'O'-32
     2 2222 A2 10			ldx #16
     3 2224 A0 00			ldy #0
     4 2226 20 71 22			jsr zx_print_func
Source: C:\jac\wudsn\Workspace\Atari800\asm_t2\zx2\zx_load.asm
    42 2229				ZX_PRINT 'M'-32 17 0
Macro: ZX_PRINT [Source: C:\jac\wudsn\Workspace\Atari800\asm_t2\zx2\zx_func.asm]
     1 2229 A9 2D			lda #'M'-32
     2 222B A2 11			ldx #17
     3 222D A0 00			ldy #0
     4 222F 20 71 22			jsr zx_print_func
Source: C:\jac\wudsn\Workspace\Atari800\asm_t2\zx2\zx_load.asm
    43 2232				ZX_PRINT 'I'-32 18 0
Macro: ZX_PRINT [Source: C:\jac\wudsn\Workspace\Atari800\asm_t2\zx2\zx_func.asm]
     1 2232 A9 29			lda #'I'-32
     2 2234 A2 12			ldx #18
     3 2236 A0 00			ldy #0
     4 2238 20 71 22			jsr zx_print_func
Source: C:\jac\wudsn\Workspace\Atari800\asm_t2\zx2\zx_load.asm
    44 223B				ZX_PRINT 'T'-32 19 0
Macro: ZX_PRINT [Source: C:\jac\wudsn\Workspace\Atari800\asm_t2\zx2\zx_func.asm]
     1 223B A9 34			lda #'T'-32
     2 223D A2 13			ldx #19
     3 223F A0 00			ldy #0
     4 2241 20 71 22			jsr zx_print_func
Source: C:\jac\wudsn\Workspace\Atari800\asm_t2\zx2\zx_load.asm
    45 2244				SLEEP 100
Macro: SLEEP [Source: C:\jac\wudsn\Workspace\Atari800\asm_t2\zx2\macro.asm]
     1 2244 A5 14			lda RTCLOCK_0
     2 2246 18 69 64			add #100
     3 2249			SLEEP_LOOP:
     4 2249 C5 14			cmp RTCLOCK_0
     5 224B D0 FC			bne SLEEP_LOOP
Source: C:\jac\wudsn\Workspace\Atari800\asm_t2\zx2\zx_load.asm
    46 					
    47 224D				DLI_ENABLE zx_dli_data_block
Macro: DLI_ENABLE [Source: C:\jac\wudsn\Workspace\Atari800\asm_t2\zx2\macro.asm]
     1 224D A9 50 8D 00 02 A9 + 	mwa #ZX_DLI_DATA_BLOCK VDSLST
     2 2257 A9 C0			lda #$c0
     3 2259 8D 0E D4			sta NMIEN
Source: C:\jac\wudsn\Workspace\Atari800\asm_t2\zx2\zx_load.asm
    48 225C				SLEEP 175
Macro: SLEEP [Source: C:\jac\wudsn\Workspace\Atari800\asm_t2\zx2\macro.asm]
     1 225C A5 14			lda RTCLOCK_0
     2 225E 18 69 AF			add #175
     3 2261			SLEEP_LOOP:
     4 2261 C5 14			cmp RTCLOCK_0
     5 2263 D0 FC			bne SLEEP_LOOP
Source: C:\jac\wudsn\Workspace\Atari800\asm_t2\zx2\zx_load.asm
    49 2265				DLI_DISABLE
Macro: DLI_DISABLE [Source: C:\jac\wudsn\Workspace\Atari800\asm_t2\zx2\macro.asm]
     1 2265 A9 40			lda #$40
     2 2267 8D 0E D4			sta NMIEN
Source: C:\jac\wudsn\Workspace\Atari800\asm_t2\zx2\zx_load.asm
    50 					
    51 					
    52 					
    53 					
    16 					
    17 226A 60				rts
    18 				;	jmp zx_loop
    19 					
    20 				;	PM_SHOW
    21
    22 					
    17 226B				ICL 'zx_func.asm'
Source: C:\jac\wudsn\Workspace\Atari800\asm_t2\zx2\zx_func.asm
     1 226B 00 00		zx_print_x: dta 0,0
     2 226D 00 00		zx_print_y: dta 0,0
     3 226F 00 00		zx_print_a: dta 0,0
     4
     5 2271			zx_print_func:
     6 2271 8E 6B 22			stx zx_print_x 
     7 2274 8C 6D 22			sty zx_print_y 
     8 2277 8D 6F 22			sta zx_print_a 
     9
    10 227A A9 00 85 F3 A9 89 + 	mwa #image_data_zx_font src
    11 2282 AD 00 8C 85 F5 AD + 	mwa screen_adr dst
    12 					
    13 228C 18 A5 F3 6D 6F 22 + 	ADW src zx_print_a
    14 229B 18 A5 F3 6D 6F 22 + 	ADW src zx_print_a
    15 22AA 18 A5 F3 6D 6F 22 + 	ADW src zx_print_a
    16 22B9 18 A5 F3 6D 6F 22 + 	ADW src zx_print_a
    17 22C8 18 A5 F3 6D 6F 22 + 	ADW src zx_print_a
    18 22D7 18 A5 F3 6D 6F 22 + 	ADW src zx_print_a
    19 22E6 18 A5 F3 6D 6F 22 + 	ADW src zx_print_a
    20 22F5 18 A5 F3 6D 6F 22 + 	ADW src zx_print_a
    21 					
    22 2304 A5 F6			lda dst+1
    23 2306 6D 6D 22			adc zx_print_y
    24 2309 85 F6			sta dst+1
    25
    26 230B 18 A5 F5 6D 6B 22 + 	ADW dst zx_print_x
    27 					
    28 231A A2 08			ldx #8
    29 231C A0 00			ldy #0
    30 231E			zx_print_func_loop:
    31 231E B1 F3			lda (src),y
    32 2320 91 F5			sta (dst),y
    33 2322 E6 F3 D0 02 E6 F4		INW src
    34 2328 18 A5 F5 69 20 85 + 	ADW dst #32
    35 2333 CA				dex
    36 2334 D0 E8			bne zx_print_func_loop
    37
    38 2336 60				rts
    39
    40 				.MACRO ZX_PRINT letter position_x position_y
    41 					lda #:letter
    42 					ldx #:position_x
    43 					ldy #:position_y
    44 					jsr zx_print_func
    45 				.ENDM
    46
    47 2337			zx_print_inv_func:
    48 2337 8D 6F 22			sta zx_print_a 
    49 233A 8E 6B 22			stx zx_print_x 
    50 233D 8C 6D 22			sty zx_print_y 
    51
    52 2340 A9 00 85 F3 A9 89 + 	mwa #image_data_zx_font src
    53 2348 AD 00 8C 85 F5 AD + 	mwa screen_adr dst
    54 					
    55 2352 18 A5 F3 6D 6F 22 + 	ADW src zx_print_a
    56 2361 18 A5 F3 6D 6F 22 + 	ADW src zx_print_a
    57 2370 18 A5 F3 6D 6F 22 + 	ADW src zx_print_a
    58 237F 18 A5 F3 6D 6F 22 + 	ADW src zx_print_a
    59 238E 18 A5 F3 6D 6F 22 + 	ADW src zx_print_a
    60 239D 18 A5 F3 6D 6F 22 + 	ADW src zx_print_a
    61 23AC 18 A5 F3 6D 6F 22 + 	ADW src zx_print_a
    62 23BB 18 A5 F3 6D 6F 22 + 	ADW src zx_print_a
    63 					
    64 23CA A5 F6			lda dst+1
    65 23CC 6D 6D 22			adc zx_print_y
    66 23CF 85 F6			sta dst+1 
    67
    68 23D1 18 A5 F5 6D 6B 22 + 	ADW dst zx_print_x
    69 					
    70 23E0 A2 08			ldx #8
    71 23E2 A0 00			ldy #0
    72 23E4			zx_print_inv_func_loop:
    73 23E4 B1 F3			lda (src),y
    74 23E6 49 FF			eor #$ff
    75 23E8 91 F5			sta (dst),y
    76 23EA E6 F3 D0 02 E6 F4		INW src
    77 23F0 18 A5 F5 69 20 85 + 	ADW dst #32
    78 23FB CA				dex
    79 23FC D0 E6			bne zx_print_inv_func_loop
    80
    81 23FE 60				rts
    82
    83 				.MACRO ZX_PRINT_INV letter position_x position_y
    84 					lda #:letter
    85 					ldx #:position_x
    86 					ldy #:position_y
    87 					jsr zx_print_inv_func
    88 				.ENDM
    89
    90 						
    18 23FF				ICL 'func.asm'
Source: C:\jac\wudsn\Workspace\Atari800\asm_t2\zx2\func.asm
     1 				; copy 256 byte block from src to dst
     2
     3 23FF			memcopy_block_func:
     4 23FF				REG_PUSH
Macro: REG_PUSH [Source: C:\jac\wudsn\Workspace\Atari800\asm_t2\zx2\macro.asm]
     1 23FF 48				pha
     2 2400 8A				txa
     3 2401 48				pha
     4 2402 98				tya
     5 2403 48				pha
Source: C:\jac\wudsn\Workspace\Atari800\asm_t2\zx2\func.asm
     5
     6 2404 A0 00			ldy #0
     7 2406			memcopy_block_loop:	
     8 2406 B1 EF		 	lda (memcopy_block_src),y
     9 2408 91 F1		 	sta (memcopy_block_dst),y
    10 240A C8			 	iny
    11 240B D0 F9		 	bne memcopy_block_loop
    12
    13 240D			 	REG_PULL
Macro: REG_PULL [Source: C:\jac\wudsn\Workspace\Atari800\asm_t2\zx2\macro.asm]
     1 240D 68				pla
     2 240E A8				tay
     3 240F 68				pla
     4 2410 AA				tax
     5 2411 68				pla
Source: C:\jac\wudsn\Workspace\Atari800\asm_t2\zx2\func.asm
    14 2412 60			 	rts
    15
    16 				.MACRO MEMCOPY_BLOCK src dst
    17 					mwa #:src memcopy_block_src
    18 					mwa #:dst memcopy_block_dst
    19 					
    20 					jsr memcopy_block_func
    21 				.ENDM
    19 2413				ICL 'screen_mem.asm'
Source: C:\jac\wudsn\Workspace\Atari800\asm_t2\zx2\screen_mem.asm
     1 2413				org $4000
     2
     3 4000				.local graphics
     4 4000-8C7F> 00 00 00 00 + 	ins "..\pic\unicorn2inv.gr8"
     5 					.endl
     6
     7 = 4000			screen_mem_1 = $4000
     8 = 4800			screen_mem_1_1 = $4800
     9 = 5000			screen_mem_1_2 = $5000
    10
    11 5800 00 00 00 00 00 00 + 	:6144 dta 0
    12 					
    13 				;	org $5800
    14 7000			screen_mem_2
    15 7000 00 00 00 00 00 00 + 	:2048 dta $0
    16 7800			screen_mem_2_1
    17 7800 00 00 00 00 00 00 + 	:2048 dta $0
    18 8000			screen_mem_2_2
    19 8000 00 00 00 00 00 00 + 	:1792 dta $0
    20 8700			screen_mem_zx:
    21 8700 00 00 00 00 00 00 + 	:256 dta $0
    22
    23 8800			image_data_sinclair_research
    24 8800				.local graphics
    25 8800 3C 00 00 00 00 00 + 	ins "..\pic\gomiboy_research.gr8"
    26 					.endl
    27 8900			image_data_zx_font
    28 8900				.local graphics
    29 8900 00 00 00 00 00 00 + 	ins "..\pic\zx_font.fnt"
    30 					.endl
    31
    32
    33 8C00			screen_adr
    34 8C00 00 00			dta 0,0
    35
    36 8C02			screen_clear:
    37 8C02				REG_PUSH
Macro: REG_PUSH [Source: C:\jac\wudsn\Workspace\Atari800\asm_t2\zx2\macro.asm]
     1 8C02 48				pha
     2 8C03 8A				txa
     3 8C04 48				pha
     4 8C05 98				tya
     5 8C06 48				pha
Source: C:\jac\wudsn\Workspace\Atari800\asm_t2\zx2\screen_mem.asm
    38 8C07 AD 00 8C 8D 1A 8C + 	mwa screen_adr screen_clear_loop_2+1
    39 8C13 A9 00			lda #0
    40 8C15 A2 18			ldx #24
    41 8C17			screen_clear_loop_1
    42 8C17 A0 00			ldy #0	
    43 8C19			screen_clear_loop_2	
    44 8C19 99 00 00			sta $0000,y
    45 8C1C C8				iny
    46 8C1D D0 FA			bne screen_clear_loop_2
    47 8C1F EE 1B 8C			inc screen_clear_loop_2+2
    48 8C22 CA				dex
    49 8C23 D0 F4			bne screen_clear_loop_2
    50 8C25				REG_PULL
Macro: REG_PULL [Source: C:\jac\wudsn\Workspace\Atari800\asm_t2\zx2\macro.asm]
     1 8C25 68				pla
     2 8C26 A8				tay
     3 8C27 68				pla
     4 8C28 AA				tax
     5 8C29 68				pla
Source: C:\jac\wudsn\Workspace\Atari800\asm_t2\zx2\screen_mem.asm
    51 8C2A 60				rts	
    52
    53 8C2B			screen_fill:
    54 8C2B				REG_PUSH
Macro: REG_PUSH [Source: C:\jac\wudsn\Workspace\Atari800\asm_t2\zx2\macro.asm]
     1 8C2B 48				pha
     2 8C2C 8A				txa
     3 8C2D 48				pha
     4 8C2E 98				tya
     5 8C2F 48				pha
Source: C:\jac\wudsn\Workspace\Atari800\asm_t2\zx2\screen_mem.asm
    55 8C30 AD 00 8C 8D 43 8C + 	mwa screen_adr screen_fill_loop_2+1
    56 8C3C A9 FF			lda #255
    57 8C3E A2 18			ldx #24
    58 8C40			screen_fill_loop_1
    59 8C40 A0 00			ldy #0	
    60 8C42			screen_fill_loop_2	
    61 8C42 99 00 00			sta $0000,y
    62 8C45 C8				iny
    63 8C46 D0 FA			bne screen_fill_loop_2
    64 8C48 EE 44 8C			inc screen_fill_loop_2+2
    65 8C4B CA				dex
    66 8C4C D0 F4			bne screen_fill_loop_2
    67 8C4E				REG_PULL
Macro: REG_PULL [Source: C:\jac\wudsn\Workspace\Atari800\asm_t2\zx2\macro.asm]
     1 8C4E 68				pla
     2 8C4F A8				tay
     3 8C50 68				pla
     4 8C51 AA				tax
     5 8C52 68				pla
Source: C:\jac\wudsn\Workspace\Atari800\asm_t2\zx2\screen_mem.asm
    68 8C53 60				rts	
    69
    70 					
    71 8C54			screen_set_read_1:
    72 					; load display list address to register
    73 8C54 A9 00 8D 30 02 A9 + 	mwa #dl_antic_1 DLIST
    74 8C5E 60				rts
    75 8C5F			screen_set_write_1:
    76 					; switch working buffer pointer
    77 8C5F A9 00 8D 00 8C A9 + 	mwa #screen_mem_1 screen_adr
    78 8C69 60				rts
    79
    80 8C6A			screen_set_read_2:
    81 					; load display list address to register
    82 8C6A A9 CC 8D 30 02 A9 + 	mwa #dl_antic_2 DLIST
    83 8C74 60				rts
    84 8C75			screen_set_write_2:	
    85 					; switch working buffer pointer
    86 8C75 A9 00 8D 00 8C A9 + 	mwa #screen_mem_2 screen_adr
    87 8C7F 60				rts
    88 					
    20 8C80				ICL 'display_list.asm'
Source: C:\jac\wudsn\Workspace\Atari800\asm_t2\zx2\display_list.asm
     1 8C80				ICL 'display_list_const.asm'
Source: C:\jac\wudsn\Workspace\Atari800\asm_t2\zx2\display_list_const.asm
     1 = 0012			RTCLOCK_2 = $12
     2 = 0013			RTCLOCK_1 = $13
     3 = 0014			RTCLOCK_0 = $14
     4
     5 = 0230			DLIST   = $230
     6 = 0230			DLISTL  = $230 ; display list pointer low byte
     7 = 0231			DLISTH  = $231 ;                      high byte
     8 = 02C8			COLRBK  = $2C8
     9
    10 = D016			COLPF0	= $D016  
    11 = D017			COLPF1	= $D017  
    12 = D018			COLPF2	= $D018  
    13 = D019			COLPF3	= $D019
    14 = D01A			COLBG	= $D01A 
    15
    16 = 02C4			COLOR0	= $02C4
    17 = 02C5			COLOR1	= $02C5
    18 = 02C6			COLOR2	= $02C6
    19 = 02C7			COLOR3	= $02C7
    20 = 02C8			COLOR4 	= $02C8
    21
    22 = 022F			SDMCTL  = $022F
    23 = 022F			DMACTLS = $022F
    24 = D400			DMACTL  = $D400
    25 = 0200			VDSLST  = $0200 ; display list interrupt vector
    26 = D40E			NMEN	= $D40E
    27 = D40E			NMIEN	= $D40E ; bit 7
    28 = D40A			WSYNC   = $D40A
    29 = D40B			VCOUNT  = $D40B
    30
    31 = 02C5			GR8_PEN   = COLOR1
    32 = 02C6			GR8_PAPER = COLOR2
    33 = 02C8			GR8_FRAME = COLOR4 
    34
    35 = D017			DLI_PEN   = COLPF1
    36 = D018			DLI_PAPER = COLPF2
    37 = D01A			DLI_FRAME = COLBG 
    38
    39 = 0000			COLOR_BLACK = $00
    40 = 000E			COLOR_WHITE = $0E
    41 = 00AC			COLOR_CYAN  = $ac
    42 = 0043			COLOR_RED   = $43
    43
    44 = D012			COLPM0	= $D012
    45 = D013			COLPM1	= $D013
    46 = D014			COLPM2	= $D014
    47 = D015			COLPM3	= $D015
    48
    49 = 02C0			COLPM0S	= $02C0
    50 = 02C1			COLPM1S	= $02C1
    51 = 02C2			COLPM2S	= $02C2
    52 = 02C3			COLPM3S	= $02C3
    53
    54
    55 = D008			SIZEP0	= $D008
    56 = D009			SIZEP1	= $D009
    57 = D00A			SIZEP2	= $D00A
    58 = D00B			SIZEP3	= $D00B
    59
    60 = D00C			SIZEM	= $D00C
    61
    62 = D000			HPOSP0	= $D000
    63 = D001			HPOSP1	= $D001
    64 = D002			HPOSP2	= $D002
    65 = D003			HPOSP3	= $D003
    66
    67 = D004			HPOSM0	= $D004
    68 = D005			HPOSM1	= $D005
    69 = D006			HPOSM2	= $D006
    70 = D007			HPOSM3	= $D007
    71
    72 = D01C			VDELAY	= $D01C
    73
    74 = D01B			GTIACTL	= $D01B
    75 = 026F			GTIACTLS = $026F
    76
    77 = D01D			PMCTL	= $D01D
    78
    79 = D407			PMBASE = $D407
    80
    81 				;     SAVMSC $0058,2       (88): pointer to current screen for CIO commands
    82 				;     RAMTOP $006A        (106): start-of-ROM pointer (MSB only)
    83 				;     VDSLST $0200,2      (512): DLI vector
    84 				;     RAMSIZ $02E4        (740): permanent start-of-ROM pointer (MSB only)
    85 				;     DLISTL $D402      (54274): display list pointer low byte
    86 				;     DLISTH $D403      (54275):     "    high byte
    87 				;     HSCROL $D404      (54276): horizontal scroll register
    88 				;     VSCROL $D405      (54277): vertical scroll register
    89 				;     NMIEN  $D40E      (54286): NMI enable (DLIs)
    90 				;     
    91 				;     
    92 				;                               Shadow registers
    93 				;     
    94 				;     
    95 				;     SDLSTL $0230        (560): DLISTL
    96 				;     SDLSTH $0231        (561): DLISTH
     2
     3 8C80				org $3800
     4
     5 = 0080			DL_DLI = $80
     6
     7 				; DL for first buffer	
     8 3800-39C8> F0 70 70	dl_antic_1	dta $F0,$70,$70              ; 3x8 empty scanlines
     9 3803 4F 00 40				dta b($4f),a(screen_mem_1)   ; $0f - mode, $40 - addr of 1/3 screen bitmap 
    10 3806 0F 0F 0F 0F 0F 0F + 		:62 dta b($0f)               ; 63 lines of $0f 
    11 3844 0F					dta b($0f)                   ; 1 line of $0f + DLI 
    12 3845 4F 00 48				dta b($4f),a(screen_mem_1_1) ; $0f - mode, $40 - addr of 2/3 screen bitmap
    13 3848 0F 0F 0F 0F 0F 0F + 		:63 dta b($0f)	             ; 63 lines of $0f 
    14 3887 4F 00 50				dta b($4f),a(screen_mem_1_2) ; $0f - mode, $40 - addr of 3/3 screen bitmap
    15 388A 0F 0F 0F 0F 0F 0F + 		:63 dta b($0f)               ; 63 lines of $0f
    16 						;dta b($c1),a(dl_antic_1)     ; jump to DL start and trigger interrupt
    17 38C9 41 00 38				dta b($41),a(dl_antic_1)     ; jump to DL start
    18 38CC 70 70 70		dl_antic_2	dta $70,$70,$70              ; 3x8 empty scanlines 
    19 38CF CF 00 70				dta b($cf),a(screen_mem_2)   ; $0f - mode, $40 - addr of 1/3 screen bitmap
    20 38D2 0F 0F 0F 0F 0F 0F + 		:63 dta b($0f)               ; 63 lines of $0f 
    21 3911 4F 00 78				dta b($4f),a(screen_mem_2_1) ; $0f - mode, $40 - addr of 2/3 screen bitmap
    22 3914 0F 0F 0F 0F 0F 0F + 		:63 dta b($0f)	             ; 63 lines of $0f 
    23 3953 4F 00 80				dta b($4f),a(screen_mem_2_2) ; $0f - mode, $40 - addr of 3/3 screen bitmap
    24 3956 0F 0F 0F 0F 0F 0F + 		:63 dta b($0f)               ; 63 lines of $0f 
    25 						;dta b($c1),a(dl_antic_2)     ; jump to DL start and trigger interrupt
    26 3995 41 CC 38				dta b($41),a(dl_antic_2)     ; jump to DL start 
    27
    28 3998			dl_set_mode
    29 					; set screen width to 32 byte
    30 				;	lda #%11111100
    31 				;	and DMACTLS
    32 				;	ora #%00000001
    33 3998 A9 39			lda #57
    34 399A 8D 2F 02			sta DMACTLS
    35
    36 399D A9 00			lda #COLOR_BLACK     
    37 399F 8D C5 02			sta GR8_PEN
    38 39A2 A9 00			lda #COLOR_BLACK     
    39 39A4 8D C6 02			sta GR8_PAPER
    40 39A7 A9 00			lda #COLOR_BLACK     
    41 39A9 8D C8 02			sta GR8_FRAME
    42 					
    43 39AC A9 0E			lda #COLOR_WHITE
    44 39AE 8D C5 02			sta COLOR1
    45 39B1 A9 00			lda #COLOR_BLACK
    46 39B3 8D C6 02			sta COLOR2
    47 					
    48
    49 39B6 60				rts
    50
    51 						
    21 39B7				ICL 'wait_vsync.asm'
Source: C:\jac\wudsn\Workspace\Atari800\asm_t2\zx2\wait_vsync.asm
     1
     2
     3 39B7			wait_hsync:
     4
     5 39B7 48				pha
     6
     7 39B8 A9 52			lda #$52
     8 39BA 8D 0A D4			sta WSYNC	;WAIT
     9 39BD 68				pla
    10
    11 39BE 60				rts
    12
    13
    14 39BF			wait_vsync:
    15 39BF 48				pha
    16 39C0			wait_vsync_loop:
    17 39C0 AD 0B D4			lda VCOUNT
    18 39C3 C9 64			cmp #100
    19 39C5 D0 F9			bne wait_vsync_loop 
    20 					
    21 39C7 68				pla
    22 39C8 60				rts
    23 					
    22 39C9				ICL 'math.asm'
Source: C:\jac\wudsn\Workspace\Atari800\asm_t2\zx2\math.asm
     1 39C9				org $1D00
     2 					
     3 				;MATH_SIN_LEN = 16
     4 				;MATH_SIN_MASK = %00001111	
     5 				; math_sin dta 127,176,218,245,255,245,218,176,127,78,36,9,0,9,36,78
     6 				; math_sin dta 128,176,218,245,255,245,218,176,128,79,37,10,0,10,37,79
     7 				        
     8 				;MATH_SIN_LEN = 64
     9 				;MATH_SIN_MASK = %00111111	
    10 				;math_sin dta 128,140,152,165,176,188,198,208,218,226,234,240,245,250,253,254,255,254,253,250,245,240,234,226,218,208,198,188,176,165,152,140,128,115,103,90,79,67,57,47,37,29,21,15,10,5,2,1,0,1,2,5,10,15,21,29,37,47,57,67,79,90,103,115
    11
    12 = 0100			MATH_SIN_LEN = 256
    13 = 00FF			MATH_SIN_MASK = %11111111	
    14 1D00-1F0F> 80 83 86 89 + math_sin dta 128,131,134,137,140,143,146,149,152,155,158,162,165,167,170,173,176,179,182,185,188,190,193,196,198,201,203,206,208,211,213,215,218,220,222,224,226,228,230,232,234,235,237,238,240,241,243,244,245,246,248,249,250,250,251,252,253,253,254,254,254,255,0,0,0,0,0,255,254,254,254,253,253,252,251,250,250,249,248,246,245,244,243,241,240,238,237,235,234,232,230,228,226,224,222,220,218,215,213,211,208,206,203,201,198,196,193,190,188,185,182,179,176,173,170,167,165,162,158,155,152,149,146,143,140,137,134,131,128,124,121,118,115,112,109,106,103,100,97,93,90,88,85,82,79,76,73,70,67,65,62,59,57,54,52,49,47,44,42,40,37,35,33,31,29,27,25,23,21,20,18,17,15,14,12,11,10,9,7,6,5,5,4,3,2,2,1,1,1,0,0,0,0,0,0,0,1,1,1,2,2,3,4,5,5,6,7,9,10,11,12,14,15,17,18,20,21,23,25,27,29,31,33,35,37,40,42,44,47,49,52,54,57,59,62,65,67,70,73,76,79,82,85,88,90,93,97,100,103,106,109,112,115,118,121,124
    15
    16 = 0010			MATH_SIN_LEN_16 = 16
    17 = 000F			MATH_SIN_MASK_16 = %00001111	
    18 1E00 80 B0 DA F5 FF F5 + math_sin_16 dta 128,176,218,245,255,245,218,176,128,79,37,10,0,10,37,79,128,176,218,245,255,245,218,176,128,79,37,10,0,10,37,79,128,176,218,245,255,245,218,176,128,79,37,10,0,10,37,79,128,176,218,245,255,245,218,176,128,79,37,10,0,10,37,79,128,176,218,245,255,245,218,176,128,79,37,10,0,10,37,79,128,176,218,245,255,245,218,176,128,79,37,10,0,10,37,79,128,176,218,245,255,245,218,176,128,79,37,10,0,10,37,79,128,176,218,245,255,245,218,176,128,79,37,10,0,10,37,79,128,176,218,245,255,245,218,176,128,79,37,10,0,10,37,79,128,176,218,245,255,245,218,176,128,79,37,10,0,10,37,79,128,176,218,245,255,245,218,176,128,79,37,10,0,10,37,79,128,176,218,245,255,245,218,176,128,79,37,10,0,10,37,79,128,176,218,245,255,245,218,176,128,79,37,10,0,10,37,79,128,176,218,245,255,245,218,176,128,79,37,10,0,10,37,79,128,176,218,245,255,245,218,176,128,79,37,10,0,10,37,79,128,176,218,245,255,245,218,176,128,79,37,10,0,10,37,79
    19
    20 1F00 C0 C0 60 40 30 27 + math_192_div dta 192,192,96,64,48,39,32,28,24,22,20,18,16,15,14,13
    23 1F10				ICL 'zero.asm'
Source: C:\jac\wudsn\Workspace\Atari800\asm_t2\zx2\zero.asm
     1 1F10				org $e0
     2
     3 00E0-00F8> 00		zero_a	dta 0
     4 00E1 00			zero_x	dta 0
     5 00E2 00			zero_y	dta 0
     6 00E3 00			zero_1	dta 0
     7 00E4 00			zero_2	dta 0
     8 00E5 00			zero_3	dta 0
     9 00E6 00			bar_size dta 0
    10 00E7 00			bar_color1 dta 0
    11 00E8 00			bar_color2 dta 0
    12 00E9 00			bar_color10 dta 0
    13 00EA 00			bar_color20 dta 0
    14 00EB			part1_image_data_address: 
    15 00EB 00 00			dta 0,0
    16 00ED			part1_screen_data_address: 
    17 00ED 00 00			dta 0,0
    18 00EF			memcopy_block_src:
    19 00EF 00 00			dta 0,0
    20 00F1			memcopy_block_dst:
    21 00F1 00 00			dta 0,0
    22 00F3			src:
    23 00F3 00 00			dta 0,0
    24 00F5			dst:
    25 00F5 00 00			dta 0,0
    26 00F7			tmp_word:
    27 00F7 00 00			dta 0,0
    28 					
    24 00F9				ICL 'ghosts.asm'
Source: C:\jac\wudsn\Workspace\Atari800\asm_t2\zx2\ghosts.asm
     1 00F9				org $6000
     2
     3 6000			pm_base:
     4 6000-6A89> FF FF FF FF + 	:768 dta $FF
     5 6300			pm_missle:
     6 6300 FF FF FF FF FF FF + 	:256 dta $FF
     7 6400			pm_player0:
     8 6400 FF FF FF FF FF FF + 	:256 dta $FF
     9 6500			pm_player1:
    10 6500 FF FF FF FF FF FF + 	:256 dta $FF
    11 6600			pm_player2:
    12 6600 FF FF FF FF FF FF + 	:256 dta $FF
    13 6700			pm_player3:
    14 6700 FF FF FF FF FF FF + 	:256 dta $FF
    15 					
    16 				.MACRO PM_SHOW
    17 				
    18 					lda #$60
    19 					sta PMBASE	; PMBASE
    20 				
    21 					lda #1
    22 					sta GTIACTL		; GTIACTL
    23 				
    24 					; szerokoϾ
    25 					lda #0
    26 					sta SIZEP0	; SIZEP0
    27 					lda #1
    28 					sta SIZEP1	; SIZEP0
    29 					lda #1
    30 					sta SIZEP2	; SIZEP0
    31 					lda #0
    32 					sta SIZEP3	; SIZEP0
    33 				
    34 					lda #2
    35 					sta PMCTL	; PMCTL
    36 				
    37 					lda #57
    38 					sta DMACTLS		; DMACTLS
    39 				
    40 					; 64 - begin
    41 					; 4,8,12,16
    42 					lda #68
    43 					sta HPOSP0 
    44 				
    45 					lda #88
    46 					sta HPOSP1 
    47 				
    48 					lda #150
    49 					sta HPOSP2 
    50 				
    51 					lda #180
    52 					sta HPOSP3 
    53 				
    54 				.ENDM
    55
    56 				.MACRO PM_HIDE
    57 					lda #0
    58 					sta HPOSP0 
    59 					sta HPOSP1 
    60 					sta HPOSP2 
    61 					sta HPOSP3 
    62 				.ENDM
    63
    64
    65 				.MACRO PM_MOVE
    66 					lda RTCLOCK_0
    67 					sta 53248
    68 				.ENDM
    69
    25 6800				ICL 'part1.asm'
Source: C:\jac\wudsn\Workspace\Atari800\asm_t2\zx2\part1.asm
     1 6800 00			part1_x dta 0
     2 6801 00			part1_y dta 0
     3 6802 00			part1_d dta 0
     4 6803 00			TMPCLR dta 0
     5
     6 6804 00			part1_tmpx dta 0
     7 6805 00			part1_tmpy dta 0
     8 6806 00			part1_sync: dta 0
     9
    10
    11 6807			part1:
    12 					; set handler for display list interrupt 
    13 6807 A9 97 8D 00 02 A9 + 	mwa #part1_dli_handler VDSLST
    14
    15 					; enable DL interrupt
    16 6811 A9 C0			lda #$c0
    17 6813 8D 0E D4			sta NMIEN
    18
    19 6816 A9 00			lda #COLOR_BLACK     
    20 6818 8D C5 02			sta GR8_PEN
    21 681B A9 00			lda #COLOR_BLACK     
    22 681D 8D C6 02			sta GR8_PAPER
    23 6820 A9 00			lda #COLOR_BLACK     
    24 6822 8D C8 02			sta GR8_FRAME
    25 					
    26 6825 A9 0E			lda #COLOR_WHITE
    27 6827 8D C5 02			sta COLOR1
    28 682A A9 00			lda #COLOR_BLACK
    29 682C 8D C6 02			sta COLOR2
    30
    31 682F 20 5F 8C			jsr screen_set_write_1
    32 6832 20 54 8C			jsr screen_set_read_1
    33 					
    34 6835				PM_SHOW
Macro: PM_SHOW [Source: C:\jac\wudsn\Workspace\Atari800\asm_t2\zx2\ghosts.asm]
     2 6835 A9 60			lda #$60
     3 6837 8D 07 D4			sta PMBASE	; PMBASE
     5 683A A9 01			lda #1
     6 683C 8D 1B D0			sta GTIACTL		; GTIACTL
     9 683F A9 00			lda #0
    10 6841 8D 08 D0			sta SIZEP0	; SIZEP0
    11 6844 A9 01			lda #1
    12 6846 8D 09 D0			sta SIZEP1	; SIZEP0
    13 6849 A9 01			lda #1
    14 684B 8D 0A D0			sta SIZEP2	; SIZEP0
    15 684E A9 00			lda #0
    16 6850 8D 0B D0			sta SIZEP3	; SIZEP0
    18 6853 A9 02			lda #2
    19 6855 8D 1D D0			sta PMCTL	; PMCTL
    21 6858 A9 39			lda #57
    22 685A 8D 2F 02			sta DMACTLS		; DMACTLS
    26 685D A9 44			lda #68
    27 685F 8D 00 D0			sta HPOSP0 
    29 6862 A9 58			lda #88
    30 6864 8D 01 D0			sta HPOSP1 
    32 6867 A9 96			lda #150
    33 6869 8D 02 D0			sta HPOSP2 
    35 686C A9 B4			lda #180
    36 686E 8D 03 D0			sta HPOSP3 
Source: C:\jac\wudsn\Workspace\Atari800\asm_t2\zx2\part1.asm
    35
    36
    37 6871			part1_0:
    38
    39 					
    40 6871			part1_0_idle:
    41 					
    42 					;PM_MOVE
    43 					
    44 				;	jmp part1_0_idle
    45
    46 6871				SLEEP 250
Macro: SLEEP [Source: C:\jac\wudsn\Workspace\Atari800\asm_t2\zx2\macro.asm]
     1 6871 A5 14			lda RTCLOCK_0
     2 6873 18 69 FA			add #250
     3 6876			SLEEP_LOOP:
     4 6876 C5 14			cmp RTCLOCK_0
     5 6878 D0 FC			bne SLEEP_LOOP
Source: C:\jac\wudsn\Workspace\Atari800\asm_t2\zx2\part1.asm
    47 687A				SLEEP 250
Macro: SLEEP [Source: C:\jac\wudsn\Workspace\Atari800\asm_t2\zx2\macro.asm]
     1 687A A5 14			lda RTCLOCK_0
     2 687C 18 69 FA			add #250
     3 687F			SLEEP_LOOP:
     4 687F C5 14			cmp RTCLOCK_0
     5 6881 D0 FC			bne SLEEP_LOOP
Source: C:\jac\wudsn\Workspace\Atari800\asm_t2\zx2\part1.asm
    48 					
    49 6883				DLI_DISABLE
Macro: DLI_DISABLE [Source: C:\jac\wudsn\Workspace\Atari800\asm_t2\zx2\macro.asm]
     1 6883 A9 40			lda #$40
     2 6885 8D 0E D4			sta NMIEN
Source: C:\jac\wudsn\Workspace\Atari800\asm_t2\zx2\part1.asm
    50 6888				PM_HIDE
Macro: PM_HIDE [Source: C:\jac\wudsn\Workspace\Atari800\asm_t2\zx2\ghosts.asm]
     1 6888 A9 00			lda #0
     2 688A 8D 00 D0			sta HPOSP0 
     3 688D 8D 01 D0			sta HPOSP1 
     4 6890 8D 02 D0			sta HPOSP2 
     5 6893 8D 03 D0			sta HPOSP3 
Source: C:\jac\wudsn\Workspace\Atari800\asm_t2\zx2\part1.asm
    51
    52 6896 60				rts
    53
    54 6897			part1_dli_handler:
    55
    56 				; line:
    57 				; 32 cycles - frame (2+26+4)
    58 				; 28 cycles - screen
    59
    60 6897				REG_PUSH
Macro: REG_PUSH [Source: C:\jac\wudsn\Workspace\Atari800\asm_t2\zx2\macro.asm]
     1 6897 48				pha
     2 6898 8A				txa
     3 6899 48				pha
     4 689A 98				tya
     5 689B 48				pha
Source: C:\jac\wudsn\Workspace\Atari800\asm_t2\zx2\part1.asm
    61 689C A9 00			lda #COLOR_BLACK
    62 689E 8D 18 D0			sta DLI_PAPER ; black
    63 68A1 A5 01			lda 1
    64 68A3 8D 12 D0			sta COLPM0
    65
    66
    67 					; bar size
    68 68A6 A9 02			lda #2
    69 68A8 85 E6			sta bar_size
    70
    71 68AA 8D 0A D4			:1 sta WSYNC	;WAIT
    72 					
    73 					; cycle begin
    74 68AD A2 01			ldx #1
    75 68AF 8D 0A D4			:1 sta WSYNC	;WAIT
    76
    77 				;	lda math_sin_16,x
    78 				;	:4 lsr
    79 				;	adc #1
    80 				;	tax
    81
    82 68B2 8D 0A D4			:1 sta WSYNC
    83 					
    84 68B5 A5 13			lda RTCLOCK_1
    85 68B7 8D C0 02			sta 704		; KOLOR
    86
    87 68BA 8D 0A D4 8D 0A D4 + 	:18 sta WSYNC	;WAIT
    88
    89 					; init color value
    90 68F0 A4 14			ldy RTCLOCK_0
    91 68F2 B9 00 1D			lda math_sin,y
    92 68F5 85 E7			sta bar_color1
    93 68F7 98				tya
    94 68F8 49 FF			eor #$ff
    95 68FA A8				tay
    96 68FB B9 00 1D			lda math_sin,y
    97 68FE 85 E8			sta bar_color2
    98
    99 6900 8D 0A D4			:1 sta WSYNC	;WAIT
   100
   101 					; 192 screen lines
   102
   103
   104 6903 A6 E7			ldx bar_color1
   105 6905 A4 E8			ldy bar_color2
   106
   107 6907				LINE_NOP_NORMAL
Macro: LINE_NOP_NORMAL [Source: C:\jac\wudsn\Workspace\Atari800\asm_t2\zx2\macro.asm]
     1 6907 8D 0A D4			sta WSYNC	;WAIT
Source: C:\jac\wudsn\Workspace\Atari800\asm_t2\zx2\part1.asm
     1 690A CA				dex
     2 690B 88				dey
Source: C:\jac\wudsn\Workspace\Atari800\asm_t2\zx2\part1.asm
     3 690C 8C 12 D0			sty COLPM0
     4 690F 8C 13 D0			sty COLPM1
     5 6912 8E 14 D0			stx COLPM2
     6 6915 8E 15 D0			stx COLPM3
     7 6918 8E 18 D0			stx DLI_PAPER	; 4 cycles
     1 691B EA				nop
     2 691C EA				nop
     3 691D EA				nop
     4 691E EA				nop
     5 691F EA				nop
Source: C:\jac\wudsn\Workspace\Atari800\asm_t2\zx2\part1.asm
     9 6920 EA				nop
    10 6921 8C 18 D0			sty DLI_PAPER	; 4 cycles
Source: C:\jac\wudsn\Workspace\Atari800\asm_t2\zx2\part1.asm
   108 6924				LINE_NOP_NORMAL
Macro: LINE_NOP_NORMAL [Source: C:\jac\wudsn\Workspace\Atari800\asm_t2\zx2\macro.asm]
     1 6924 8D 0A D4			sta WSYNC	;WAIT
Source: C:\jac\wudsn\Workspace\Atari800\asm_t2\zx2\part1.asm
     1 6927 CA				dex
     2 6928 88				dey
Source: C:\jac\wudsn\Workspace\Atari800\asm_t2\zx2\part1.asm
     3 6929 8C 12 D0			sty COLPM0
     4 692C 8C 13 D0			sty COLPM1
     5 692F 8E 14 D0			stx COLPM2
     6 6932 8E 15 D0			stx COLPM3
     7 6935 8E 18 D0			stx DLI_PAPER	; 4 cycles
     1 6938 EA				nop
     2 6939 EA				nop
     3 693A EA				nop
     4 693B EA				nop
     5 693C EA				nop
Source: C:\jac\wudsn\Workspace\Atari800\asm_t2\zx2\part1.asm
     9 693D EA				nop
    10 693E 8C 18 D0			sty DLI_PAPER	; 4 cycles
Source: C:\jac\wudsn\Workspace\Atari800\asm_t2\zx2\part1.asm
   109
   110 6941 A9 39			lda #57
   111 6943			dli_handler_loop_0:
   112 6943				LINE_NOP_NORMAL
Macro: LINE_NOP_NORMAL [Source: C:\jac\wudsn\Workspace\Atari800\asm_t2\zx2\macro.asm]
     1 6943 8D 0A D4			sta WSYNC	;WAIT
Source: C:\jac\wudsn\Workspace\Atari800\asm_t2\zx2\part1.asm
     1 6946 CA				dex
     2 6947 88				dey
Source: C:\jac\wudsn\Workspace\Atari800\asm_t2\zx2\part1.asm
     3 6948 8C 12 D0			sty COLPM0
     4 694B 8C 13 D0			sty COLPM1
     5 694E 8E 14 D0			stx COLPM2
     6 6951 8E 15 D0			stx COLPM3
     7 6954 8E 18 D0			stx DLI_PAPER	; 4 cycles
     1 6957 EA				nop
     2 6958 EA				nop
     3 6959 EA				nop
     4 695A EA				nop
     5 695B EA				nop
Source: C:\jac\wudsn\Workspace\Atari800\asm_t2\zx2\part1.asm
     9 695C EA				nop
    10 695D 8C 18 D0			sty DLI_PAPER	; 4 cycles
Source: C:\jac\wudsn\Workspace\Atari800\asm_t2\zx2\part1.asm
   113 6960 E9 01			sbc #1
   114 6962 D0 DF			bne dli_handler_loop_0
   115
   116 6964				LINE_NOP_SHORT
Macro: LINE_NOP_SHORT [Source: C:\jac\wudsn\Workspace\Atari800\asm_t2\zx2\macro.asm]
     1 6964 8D 0A D4			sta WSYNC	;WAIT
Source: C:\jac\wudsn\Workspace\Atari800\asm_t2\zx2\part1.asm
     1 6967 CA				dex
     2 6968 88				dey
Source: C:\jac\wudsn\Workspace\Atari800\asm_t2\zx2\part1.asm
     3 6969 8C 12 D0			sty COLPM0
     4 696C 8C 13 D0			sty COLPM1
     5 696F 8E 14 D0			stx COLPM2
     6 6972 8E 15 D0			stx COLPM3
     7 6975 8E 18 D0			stx DLI_PAPER	; 4 cycles
     1 6978 EA				nop
     2 6979 EA				nop
     3 697A EA				nop
     4 697B EA				nop
     5 697C EA				nop
Source: C:\jac\wudsn\Workspace\Atari800\asm_t2\zx2\part1.asm
     9 697D 8C 18 D0			sty DLI_PAPER	; 4 cycles
Source: C:\jac\wudsn\Workspace\Atari800\asm_t2\zx2\part1.asm
   117
   118 6980 A9 3F			lda #63
   119 6982			dli_handler_loop_1:
   120 6982				LINE_NOP_NORMAL
Macro: LINE_NOP_NORMAL [Source: C:\jac\wudsn\Workspace\Atari800\asm_t2\zx2\macro.asm]
     1 6982 8D 0A D4			sta WSYNC	;WAIT
Source: C:\jac\wudsn\Workspace\Atari800\asm_t2\zx2\part1.asm
     1 6985 CA				dex
     2 6986 88				dey
Source: C:\jac\wudsn\Workspace\Atari800\asm_t2\zx2\part1.asm
     3 6987 8C 12 D0			sty COLPM0
     4 698A 8C 13 D0			sty COLPM1
     5 698D 8E 14 D0			stx COLPM2
     6 6990 8E 15 D0			stx COLPM3
     7 6993 8E 18 D0			stx DLI_PAPER	; 4 cycles
     1 6996 EA				nop
     2 6997 EA				nop
     3 6998 EA				nop
     4 6999 EA				nop
     5 699A EA				nop
Source: C:\jac\wudsn\Workspace\Atari800\asm_t2\zx2\part1.asm
     9 699B EA				nop
    10 699C 8C 18 D0			sty DLI_PAPER	; 4 cycles
Source: C:\jac\wudsn\Workspace\Atari800\asm_t2\zx2\part1.asm
   121 699F E9 01			sbc #1
   122 69A1 D0 DF			bne dli_handler_loop_1
   123 69A3				LINE_NOP_SHORT
Macro: LINE_NOP_SHORT [Source: C:\jac\wudsn\Workspace\Atari800\asm_t2\zx2\macro.asm]
     1 69A3 8D 0A D4			sta WSYNC	;WAIT
Source: C:\jac\wudsn\Workspace\Atari800\asm_t2\zx2\part1.asm
     1 69A6 CA				dex
     2 69A7 88				dey
Source: C:\jac\wudsn\Workspace\Atari800\asm_t2\zx2\part1.asm
     3 69A8 8C 12 D0			sty COLPM0
     4 69AB 8C 13 D0			sty COLPM1
     5 69AE 8E 14 D0			stx COLPM2
     6 69B1 8E 15 D0			stx COLPM3
     7 69B4 8E 18 D0			stx DLI_PAPER	; 4 cycles
     1 69B7 EA				nop
     2 69B8 EA				nop
     3 69B9 EA				nop
     4 69BA EA				nop
     5 69BB EA				nop
Source: C:\jac\wudsn\Workspace\Atari800\asm_t2\zx2\part1.asm
     9 69BC 8C 18 D0			sty DLI_PAPER	; 4 cycles
Source: C:\jac\wudsn\Workspace\Atari800\asm_t2\zx2\part1.asm
   124
   125 69BF A9 3F			lda #63
   126 69C1			dli_handler_loop_2:
   127 69C1				LINE_NOP_NORMAL
Macro: LINE_NOP_NORMAL [Source: C:\jac\wudsn\Workspace\Atari800\asm_t2\zx2\macro.asm]
     1 69C1 8D 0A D4			sta WSYNC	;WAIT
Source: C:\jac\wudsn\Workspace\Atari800\asm_t2\zx2\part1.asm
     1 69C4 CA				dex
     2 69C5 88				dey
Source: C:\jac\wudsn\Workspace\Atari800\asm_t2\zx2\part1.asm
     3 69C6 8C 12 D0			sty COLPM0
     4 69C9 8C 13 D0			sty COLPM1
     5 69CC 8E 14 D0			stx COLPM2
     6 69CF 8E 15 D0			stx COLPM3
     7 69D2 8E 18 D0			stx DLI_PAPER	; 4 cycles
     1 69D5 EA				nop
     2 69D6 EA				nop
     3 69D7 EA				nop
     4 69D8 EA				nop
     5 69D9 EA				nop
Source: C:\jac\wudsn\Workspace\Atari800\asm_t2\zx2\part1.asm
     9 69DA EA				nop
    10 69DB 8C 18 D0			sty DLI_PAPER	; 4 cycles
Source: C:\jac\wudsn\Workspace\Atari800\asm_t2\zx2\part1.asm
   128 69DE E9 01			sbc #1
   129 69E0 D0 DF			bne dli_handler_loop_2
   130 				;	LINE_NOP_SHORT
   131 					
   132 69E2				LINE_NOP_LAST
Macro: LINE_NOP_LAST [Source: C:\jac\wudsn\Workspace\Atari800\asm_t2\zx2\macro.asm]
     1 69E2 8D 0A D4			sta WSYNC	;WAIT
Source: C:\jac\wudsn\Workspace\Atari800\asm_t2\zx2\part1.asm
     2 69E5 8E 18 D0			stx DLI_PAPER	; 4 cycles
     3 69E8 A9 01			lda #1
     4 69EA 8D 12 D0			sta COLPM0
     5 69ED 8D 13 D0			sta COLPM1
     6 69F0 8D 14 D0			sta COLPM2
     7 69F3 8D 15 D0			sta COLPM3
     1 69F6 EA				nop
     2 69F7 EA				nop
     3 69F8 EA				nop
     4 69F9 EA				nop
     5 69FA EA				nop
Source: C:\jac\wudsn\Workspace\Atari800\asm_t2\zx2\part1.asm
     9 69FB EA				nop
    10 69FC 8C 18 D0			sty DLI_PAPER	; 4 cycles
Source: C:\jac\wudsn\Workspace\Atari800\asm_t2\zx2\part1.asm
   133
   134 69FF A5 01			lda 1
   135 6A01 8D 12 D0			sta COLPM0
   136 6A04 8D 13 D0			sta COLPM1
   137 6A07 8D 14 D0			sta COLPM2
   138 6A0A 8D 15 D0			sta COLPM3
   139
   140 6A0D				LINE_WAIT
Macro: LINE_WAIT [Source: C:\jac\wudsn\Workspace\Atari800\asm_t2\zx2\macro.asm]
     1 6A0D 8D 0A D4			sta WSYNC	;WAIT
Source: C:\jac\wudsn\Workspace\Atari800\asm_t2\zx2\part1.asm
   141 					
   142
   143 6A10				REG_PULL
Macro: REG_PULL [Source: C:\jac\wudsn\Workspace\Atari800\asm_t2\zx2\macro.asm]
     1 6A10 68				pla
     2 6A11 A8				tay
     3 6A12 68				pla
     4 6A13 AA				tax
     5 6A14 68				pla
Source: C:\jac\wudsn\Workspace\Atari800\asm_t2\zx2\part1.asm
   144 6A15 40				rti
   145 					
   146 					
   147 					
    26 6A16				ICL 'zx_dli.asm'
Source: C:\jac\wudsn\Workspace\Atari800\asm_t2\zx2\zx_dli.asm
     1
     2 6A16			zx_dli_header_block:
     3
     4 6A16				REG_PUSH
Macro: REG_PUSH [Source: C:\jac\wudsn\Workspace\Atari800\asm_t2\zx2\macro.asm]
     1 6A16 48				pha
     2 6A17 8A				txa
     3 6A18 48				pha
     4 6A19 98				tya
     5 6A1A 48				pha
Source: C:\jac\wudsn\Workspace\Atari800\asm_t2\zx2\zx_dli.asm
     5
     6 					; 192 screen lines
     7 6A1B A0 F0			ldy #240
     8 6A1D			zx_dli_header_block_loop1:	
     9 6A1D B1 14			lda (RTCLOCK_0),y
    10 6A1F 69 05			adc #5
    11 6A21 29 0F			and #$0f
    12 6A23 A2 43			ldx #COLOR_RED
    13 6A25 8E 1A D0			stx DLI_FRAME
    14 6A28			zx_dli_header_block_loop2:	
    15 6A28				LINE_WAIT
Macro: LINE_WAIT [Source: C:\jac\wudsn\Workspace\Atari800\asm_t2\zx2\macro.asm]
     1 6A28 8D 0A D4			sta WSYNC	;WAIT
Source: C:\jac\wudsn\Workspace\Atari800\asm_t2\zx2\zx_dli.asm
    16 6A2B 88				dey
    17 6A2C F0 1C			beq zx_dli_header_block_end
    18 6A2E E9 01			sbc #1
    19 6A30 D0 F6			bne zx_dli_header_block_loop2
    20
    21 6A32			zx_dli_header_block_loop3:	
    22 6A32 B1 14			lda (RTCLOCK_0),y
    23 6A34 69 05			adc #5
    24 6A36 29 0F			and #$0f
    25 6A38 A2 AC			ldx #COLOR_CYAN
    26 6A3A 8E 1A D0			stx DLI_FRAME
    27 6A3D			zx_dli_header_block_loop4:	
    28 6A3D				LINE_WAIT
Macro: LINE_WAIT [Source: C:\jac\wudsn\Workspace\Atari800\asm_t2\zx2\macro.asm]
     1 6A3D 8D 0A D4			sta WSYNC	;WAIT
Source: C:\jac\wudsn\Workspace\Atari800\asm_t2\zx2\zx_dli.asm
    29 6A40 88				dey
    30 6A41 F0 07			beq zx_dli_header_block_end
    31 6A43 E9 01			sbc #1
    32 6A45 D0 F6			bne zx_dli_header_block_loop4
    33 6A47 4C 1D 6A			jmp zx_dli_header_block_loop1
    34
    35 6A4A			zx_dli_header_block_end:
    36 6A4A				REG_PULL
Macro: REG_PULL [Source: C:\jac\wudsn\Workspace\Atari800\asm_t2\zx2\macro.asm]
     1 6A4A 68				pla
     2 6A4B A8				tay
     3 6A4C 68				pla
     4 6A4D AA				tax
     5 6A4E 68				pla
Source: C:\jac\wudsn\Workspace\Atari800\asm_t2\zx2\zx_dli.asm
    37 6A4F 40				rti
    38 					
    39 				;;;;;;;;;;;;;;;;;;;;;;;;;;;;;;;;;;;;;;;;;;;;;;;;;
    40
    41 6A50			zx_dli_data_block:
    42
    43 6A50				REG_PUSH
Macro: REG_PUSH [Source: C:\jac\wudsn\Workspace\Atari800\asm_t2\zx2\macro.asm]
     1 6A50 48				pha
     2 6A51 8A				txa
     3 6A52 48				pha
     4 6A53 98				tya
     5 6A54 48				pha
Source: C:\jac\wudsn\Workspace\Atari800\asm_t2\zx2\zx_dli.asm
    44
    45 					; 192 screen lines
    46 6A55 A0 F0			ldy #240
    47 6A57			zx_dli_data_block_loop1:	
    48 6A57 B1 13			lda (RTCLOCK_1),y
    49 6A59 69 03			adc #3
    50 6A5B 29 07			and #$07
    51 6A5D A2 43			ldx #COLOR_RED
    52 6A5F 8E 1A D0			stx DLI_FRAME
    53 6A62			zx_dli_data_block_loop2:	
    54 6A62				LINE_WAIT
Macro: LINE_WAIT [Source: C:\jac\wudsn\Workspace\Atari800\asm_t2\zx2\macro.asm]
     1 6A62 8D 0A D4			sta WSYNC	;WAIT
Source: C:\jac\wudsn\Workspace\Atari800\asm_t2\zx2\zx_dli.asm
    55 6A65 88				dey
    56 6A66 F0 1C			beq zx_dli_data_block_end
    57 6A68 E9 01			sbc #1
    58 6A6A D0 F6			bne zx_dli_data_block_loop2
    59
    60 6A6C			zx_dli_data_block_loop3:	
    61 6A6C B1 14			lda (RTCLOCK_0),y
    62 6A6E 69 05			adc #5
    63 6A70 29 0F			and #$0f
    64 6A72 A2 AC			ldx #COLOR_CYAN
    65 6A74 8E 1A D0			stx DLI_FRAME
    66 6A77			zx_dli_data_block_loop4:	
    67 6A77				LINE_WAIT
Macro: LINE_WAIT [Source: C:\jac\wudsn\Workspace\Atari800\asm_t2\zx2\macro.asm]
     1 6A77 8D 0A D4			sta WSYNC	;WAIT
Source: C:\jac\wudsn\Workspace\Atari800\asm_t2\zx2\zx_dli.asm
    68 6A7A 88				dey
    69 6A7B F0 07			beq zx_dli_data_block_end
    70 6A7D E9 01			sbc #1
    71 6A7F D0 F6			bne zx_dli_data_block_loop4
    72 6A81 4C 57 6A			jmp zx_dli_data_block_loop1
    73
    74 6A84			zx_dli_data_block_end:
    75 6A84				REG_PULL
Macro: REG_PULL [Source: C:\jac\wudsn\Workspace\Atari800\asm_t2\zx2\macro.asm]
     1 6A84 68				pla
     2 6A85 A8				tay
     3 6A86 68				pla
     4 6A87 AA				tax
     5 6A88 68				pla
Source: C:\jac\wudsn\Workspace\Atari800\asm_t2\zx2\zx_dli.asm
    76 6A89 40				rti
    77 					
    78 					
    79 						
    80 					
    81 					
    82 					
    83 					
    84 					
    85 					
    27
