mads 2.0.6 build 58 (28 Jan 17)
Source: C:\jac\wudsn\Workspace\asm_t2\2022\floppy\aaaa1.asm
     1 					ICL 'macro.asm'
Source: C:\jac\wudsn\Workspace\asm_t2\2022\floppy\macro.asm
     1 				.MACRO REG_PUSH 
     2 					pha
     3 					txa
     4 					pha
     5 					tya
     6 					pha
     7 				.ENDM
     8
     9 				.MACRO REG_PULL
    10 					pla
    11 					tay
    12 					pla
    13 					tax
    14 					pla
    15 				.ENDM
    16
    17 				.MACRO LINE_SPACE_9_CYCLES
    18 					nop
    19 					nop
    20 					nop
    21 					sta bar_color20	; 3 cycles
    22 				.ENDM
    23
    24 				.MACRO LINE_SPACE_10_CYCLES
    25 					nop
    26 					nop
    27 					nop
    28 					nop
    29 					nop
    30 				.ENDM
    31
    32 				.MACRO LINE_SPACE_11_CYCLES
    33 					nop
    34 					nop
    35 					nop
    36 					nop
    37 					sta bar_color20	; 3 cycles
    38 				.ENDM
    39
    40 				.MACRO LINE_WAIT
    41 					sta WSYNC	;WAIT
    42 				.ENDM
    43
    44 				.MACRO LINE_COLOR_CALC
    45 					dex
    46 					dey
    47 				.ENDM
    48
    49 				.MACRO LINE_NOP_HALF
    50 					LINE_WAIT
    51 				
    52 					;; 4 nops
    53 					LINE_COLOR_CALC
    54 					
    55 					LINE_NOP_SPACE_1
    56 					
    57 					sta bar_color20	; 3 cycles
    58 					stx DLI_PAPER	; 4 cycles
    59 				;	stx DLI_PEN	; 4 cycles
    60 					LINE_NOP_SPACE_2
    61 					sty DLI_PAPER	; 4 cycles
    62 				;	sty DLI_PEN	; 4 cycles
    63 				.ENDM
    64
    65 				.MACRO LINE_NOP_NORMAL
    66 					LINE_WAIT
    67 					LINE_COLOR_CALC
    68 					sty COLPM0
    69 					sty COLPM1
    70 					stx COLPM2
    71 					stx COLPM3
    72 					stx DLI_PAPER	; 4 cycles
    73 					LINE_SPACE_10_CYCLES
    74 					nop
    75 					sty DLI_PAPER	; 4 cycles
    76 				.ENDM
    77
    78 				.MACRO LINE_NOP_SHORT
    79 					LINE_WAIT
    80 					LINE_COLOR_CALC
    81 					sty COLPM0
    82 					sty COLPM1
    83 					stx COLPM2
    84 					stx COLPM3
    85 					stx DLI_PAPER	; 4 cycles
    86 					LINE_SPACE_10_CYCLES
    87 					sty DLI_PAPER	; 4 cycles
    88 				.ENDM
    89
    90 				.MACRO LINE_NOP_LAST
    91 					LINE_WAIT
    92 					stx DLI_PAPER	; 4 cycles
    93 					lda #1
    94 					sta COLPM0
    95 					sta COLPM1
    96 					sta COLPM2
    97 					sta COLPM3
    98 					LINE_SPACE_10_CYCLES
    99 					nop
   100 					sty DLI_PAPER	; 4 cycles
   101 				.ENDM
     2
     3 					org $2000
     4
     5 					.proc main
     6
     7 FFFF> 2000-2214> 20 98 + 	jsr dl_set_mode
     8 					
     9 2003 20 0D 20			jsr part1
    10
    11 					.endp
    12 					
    13 2006				ICL 'part1.asm'
Source: C:\jac\wudsn\Workspace\asm_t2\2022\floppy\part1.asm
     1 2006 00			part1_x dta 0
     2 2007 00			part1_y dta 0
     3 2008 00			part1_d dta 0
     4 2009 00			TMPCLR dta 0
     5
     6 200A 00			part1_tmpx dta 0
     7 200B 00			part1_tmpy dta 0
     8 200C 00			part1_sync: dta 0
     9
    10
    11 200D			part1:
    12 					; set handler for display list interrupt 
    13 200D A9 A0 8D 00 02 A9 + 	mwa #part1_dli_handler VDSLST
    14 					
    15 2017 A9 42			lda #COLOR_AMIGA_BACKGROUND
    16 2019 8D 12 D0			sta COLPM0
    17 201C 8D 13 D0			sta COLPM1
    18 201F 8D 14 D0			sta COLPM2
    19 2022 8D 15 D0			sta COLPM3
    20 2025 8D C0 02			sta COLPM0S
    21 2028 8D C1 02			sta COLPM1S
    22 202B 8D C2 02			sta COLPM2S
    23 202E 8D C3 02			sta COLPM3S
    24 					
    25
    26 					; enable DL interrupt
    27 2031 A9 C0			lda #$c0
    28 2033 8D 0E D4			sta NMIEN
    29
    30 2036 20 5F 70			jsr screen_set_write_1
    31 2039 20 54 70			jsr screen_set_read_1
    32 					
    33 203C				PM_SHOW
Macro: PM_SHOW [Source: C:\jac\wudsn\Workspace\asm_t2\2022\floppy\ghosts.asm]
    21 203C A9 60			lda #$60
    22 203E 8D 07 D4			sta 54279	; PMBASE
    24 2041 A9 01			lda #1
    25 2043 8D 6F 02			sta 623		; GTIACTL
    27 2046 A9 42			lda #COLOR_AMIGA_BACKGROUND
    28 2048 8D C0 02			sta COLPM0S	; KOLOR
    29 204B 8D C1 02			sta COLPM1S	; KOLOR
    30 204E 8D C2 02			sta COLPM2S	; KOLOR
    31 2051 8D C3 02			sta COLPM3S	; KOLOR
    32 2054 8D 12 D0			sta COLPM0	; KOLOR
    33 2057 8D 13 D0			sta COLPM1	; KOLOR
    34 205A 8D 14 D0			sta COLPM2	; KOLOR
    35 205D 8D 15 D0			sta COLPM3	; KOLOR
    38 2060 A9 01			lda #1
    39 2062 8D 08 D0			sta SIZEP0	; SIZEP0
    40 2065 A9 01			lda #1
    41 2067 8D 09 D0			sta SIZEP1	; SIZEP0
    42 206A A9 01			lda #1
    43 206C 8D 0A D0			sta SIZEP2	; SIZEP0
    44 206F A9 00			lda #0
    45 2071 8D 0B D0			sta SIZEP3	; SIZEP0
    47 2074 A9 02			lda #2
    48 2076 8D 1D D0			sta 53277	; PMCTL
    52 2079 A9 E7			lda #%11100111
    53 207B 2D 2F 02			and DMACTLS
    54 207E 09 18			ora #%00011000
    56 2080 8D 2F 02			sta DMACTLS		; DMACTLS
    60 2083 A9 31			lda #49
    61 2085 8D 00 D0			sta HPOSP0 
    63 2088 A9 58			lda #88
    64 208A 8D 01 D0			sta HPOSP1 
    66 208D A9 96			lda #150
    67 208F 8D 02 D0			sta HPOSP2 
    69 2092 A9 B4			lda #180
    70 2094 8D 03 D0			sta HPOSP3 
Source: C:\jac\wudsn\Workspace\asm_t2\2022\floppy\part1.asm
    34
    35
    36 2097			part1_0:
    37
    38 					
    39 2097			part1_0_idle:
    40 					
    41 				;	PM_MOVE
    42 					
    43 2097 4C 97 20			jmp part1_0_idle
    44 					
    45 209A				REG_PULL
Macro: REG_PULL [Source: C:\jac\wudsn\Workspace\asm_t2\2022\floppy\macro.asm]
     1 209A 68				pla
     2 209B A8				tay
     3 209C 68				pla
     4 209D AA				tax
     5 209E 68				pla
Source: C:\jac\wudsn\Workspace\asm_t2\2022\floppy\part1.asm
    46
    47 209F 60				rts
    48
    49 20A0			part1_dli_handler:
    50
    51 				; line:
    52 				; 32 cycles - frame (2+26+4)
    53 				; 28 cycles - screen
    54
    55 20A0				REG_PUSH
Macro: REG_PUSH [Source: C:\jac\wudsn\Workspace\asm_t2\2022\floppy\macro.asm]
     1 20A0 48				pha
     2 20A1 8A				txa
     3 20A2 48				pha
     4 20A3 98				tya
     5 20A4 48				pha
Source: C:\jac\wudsn\Workspace\asm_t2\2022\floppy\part1.asm
    56 20A5 A9 42			lda #COLOR_AMIGA_BACKGROUND
    57 20A7 8D 18 D0			sta DLI_PAPER ; black
    58
    59 					; bar size
    60 20AA A9 02			lda #2
    61 20AC 85 E6			sta bar_size
    62
    63 20AE 8D 0A D4			:1 sta WSYNC	;WAIT
    64 					
    65 					; cycle begin
    66 20B1 A2 01			ldx #1
    67 20B3 8D 0A D4			:1 sta WSYNC	;WAIT
    68
    69 				;	lda math_sin_16,x
    70 				;	:4 lsr
    71 				;	adc #1
    72 				;	tax
    73
    74 20B6 8D 0A D4			:1 sta WSYNC
    75 					
    76 					;lda RTCLOCK_1
    77 					;sta 704		; KOLOR
    78
    79 20B9 8D 0A D4 8D 0A D4 + 	:18 sta WSYNC	;WAIT
    80
    81 					; init color value
    82 20EF A4 14			ldy RTCLOCK_0
    83 20F1 B9 00 1D			lda math_sin,y
    84 20F4 85 E7			sta bar_color1
    85 20F6 98				tya
    86 20F7 49 FF			eor #$ff
    87 20F9 A8				tay
    88 20FA B9 00 1D			lda math_sin,y
    89 20FD 85 E8			sta bar_color2
    90
    91 20FF 8D 0A D4			:1 sta WSYNC	;WAIT
    92
    93 					; 192 screen lines
    94
    95
    96 2102 A6 E7			ldx bar_color1
    97 2104 A4 E8			ldy bar_color2
    98
    99 2106				LINE_NOP_NORMAL
Macro: LINE_NOP_NORMAL [Source: C:\jac\wudsn\Workspace\asm_t2\2022\floppy\macro.asm]
     1 2106 8D 0A D4			sta WSYNC	;WAIT
Source: C:\jac\wudsn\Workspace\asm_t2\2022\floppy\part1.asm
     1 2109 CA				dex
     2 210A 88				dey
Source: C:\jac\wudsn\Workspace\asm_t2\2022\floppy\part1.asm
     3 210B 8C 12 D0			sty COLPM0
     4 210E 8C 13 D0			sty COLPM1
     5 2111 8E 14 D0			stx COLPM2
     6 2114 8E 15 D0			stx COLPM3
     7 2117 8E 18 D0			stx DLI_PAPER	; 4 cycles
     1 211A EA				nop
     2 211B EA				nop
     3 211C EA				nop
     4 211D EA				nop
     5 211E EA				nop
Source: C:\jac\wudsn\Workspace\asm_t2\2022\floppy\part1.asm
     9 211F EA				nop
    10 2120 8C 18 D0			sty DLI_PAPER	; 4 cycles
Source: C:\jac\wudsn\Workspace\asm_t2\2022\floppy\part1.asm
   100 2123				LINE_NOP_NORMAL
Macro: LINE_NOP_NORMAL [Source: C:\jac\wudsn\Workspace\asm_t2\2022\floppy\macro.asm]
     1 2123 8D 0A D4			sta WSYNC	;WAIT
Source: C:\jac\wudsn\Workspace\asm_t2\2022\floppy\part1.asm
     1 2126 CA				dex
     2 2127 88				dey
Source: C:\jac\wudsn\Workspace\asm_t2\2022\floppy\part1.asm
     3 2128 8C 12 D0			sty COLPM0
     4 212B 8C 13 D0			sty COLPM1
     5 212E 8E 14 D0			stx COLPM2
     6 2131 8E 15 D0			stx COLPM3
     7 2134 8E 18 D0			stx DLI_PAPER	; 4 cycles
     1 2137 EA				nop
     2 2138 EA				nop
     3 2139 EA				nop
     4 213A EA				nop
     5 213B EA				nop
Source: C:\jac\wudsn\Workspace\asm_t2\2022\floppy\part1.asm
     9 213C EA				nop
    10 213D 8C 18 D0			sty DLI_PAPER	; 4 cycles
Source: C:\jac\wudsn\Workspace\asm_t2\2022\floppy\part1.asm
   101
   102 2140 A9 39			lda #57
   103 2142			dli_handler_loop_0:
   104 2142				LINE_NOP_NORMAL
Macro: LINE_NOP_NORMAL [Source: C:\jac\wudsn\Workspace\asm_t2\2022\floppy\macro.asm]
     1 2142 8D 0A D4			sta WSYNC	;WAIT
Source: C:\jac\wudsn\Workspace\asm_t2\2022\floppy\part1.asm
     1 2145 CA				dex
     2 2146 88				dey
Source: C:\jac\wudsn\Workspace\asm_t2\2022\floppy\part1.asm
     3 2147 8C 12 D0			sty COLPM0
     4 214A 8C 13 D0			sty COLPM1
     5 214D 8E 14 D0			stx COLPM2
     6 2150 8E 15 D0			stx COLPM3
     7 2153 8E 18 D0			stx DLI_PAPER	; 4 cycles
     1 2156 EA				nop
     2 2157 EA				nop
     3 2158 EA				nop
     4 2159 EA				nop
     5 215A EA				nop
Source: C:\jac\wudsn\Workspace\asm_t2\2022\floppy\part1.asm
     9 215B EA				nop
    10 215C 8C 18 D0			sty DLI_PAPER	; 4 cycles
Source: C:\jac\wudsn\Workspace\asm_t2\2022\floppy\part1.asm
   105 215F E9 01			sbc #1
   106 2161 D0 DF			bne dli_handler_loop_0
   107
   108 2163				LINE_NOP_SHORT
Macro: LINE_NOP_SHORT [Source: C:\jac\wudsn\Workspace\asm_t2\2022\floppy\macro.asm]
     1 2163 8D 0A D4			sta WSYNC	;WAIT
Source: C:\jac\wudsn\Workspace\asm_t2\2022\floppy\part1.asm
     1 2166 CA				dex
     2 2167 88				dey
Source: C:\jac\wudsn\Workspace\asm_t2\2022\floppy\part1.asm
     3 2168 8C 12 D0			sty COLPM0
     4 216B 8C 13 D0			sty COLPM1
     5 216E 8E 14 D0			stx COLPM2
     6 2171 8E 15 D0			stx COLPM3
     7 2174 8E 18 D0			stx DLI_PAPER	; 4 cycles
     1 2177 EA				nop
     2 2178 EA				nop
     3 2179 EA				nop
     4 217A EA				nop
     5 217B EA				nop
Source: C:\jac\wudsn\Workspace\asm_t2\2022\floppy\part1.asm
     9 217C 8C 18 D0			sty DLI_PAPER	; 4 cycles
Source: C:\jac\wudsn\Workspace\asm_t2\2022\floppy\part1.asm
   109
   110 217F A9 3F			lda #63
   111 2181			dli_handler_loop_1:
   112 2181				LINE_NOP_NORMAL
Macro: LINE_NOP_NORMAL [Source: C:\jac\wudsn\Workspace\asm_t2\2022\floppy\macro.asm]
     1 2181 8D 0A D4			sta WSYNC	;WAIT
Source: C:\jac\wudsn\Workspace\asm_t2\2022\floppy\part1.asm
     1 2184 CA				dex
     2 2185 88				dey
Source: C:\jac\wudsn\Workspace\asm_t2\2022\floppy\part1.asm
     3 2186 8C 12 D0			sty COLPM0
     4 2189 8C 13 D0			sty COLPM1
     5 218C 8E 14 D0			stx COLPM2
     6 218F 8E 15 D0			stx COLPM3
     7 2192 8E 18 D0			stx DLI_PAPER	; 4 cycles
     1 2195 EA				nop
     2 2196 EA				nop
     3 2197 EA				nop
     4 2198 EA				nop
     5 2199 EA				nop
Source: C:\jac\wudsn\Workspace\asm_t2\2022\floppy\part1.asm
     9 219A EA				nop
    10 219B 8C 18 D0			sty DLI_PAPER	; 4 cycles
Source: C:\jac\wudsn\Workspace\asm_t2\2022\floppy\part1.asm
   113 219E E9 01			sbc #1
   114 21A0 D0 DF			bne dli_handler_loop_1
   115 21A2				LINE_NOP_SHORT
Macro: LINE_NOP_SHORT [Source: C:\jac\wudsn\Workspace\asm_t2\2022\floppy\macro.asm]
     1 21A2 8D 0A D4			sta WSYNC	;WAIT
Source: C:\jac\wudsn\Workspace\asm_t2\2022\floppy\part1.asm
     1 21A5 CA				dex
     2 21A6 88				dey
Source: C:\jac\wudsn\Workspace\asm_t2\2022\floppy\part1.asm
     3 21A7 8C 12 D0			sty COLPM0
     4 21AA 8C 13 D0			sty COLPM1
     5 21AD 8E 14 D0			stx COLPM2
     6 21B0 8E 15 D0			stx COLPM3
     7 21B3 8E 18 D0			stx DLI_PAPER	; 4 cycles
     1 21B6 EA				nop
     2 21B7 EA				nop
     3 21B8 EA				nop
     4 21B9 EA				nop
     5 21BA EA				nop
Source: C:\jac\wudsn\Workspace\asm_t2\2022\floppy\part1.asm
     9 21BB 8C 18 D0			sty DLI_PAPER	; 4 cycles
Source: C:\jac\wudsn\Workspace\asm_t2\2022\floppy\part1.asm
   116
   117 21BE A9 3F			lda #63
   118 21C0			dli_handler_loop_2:
   119 21C0				LINE_NOP_NORMAL
Macro: LINE_NOP_NORMAL [Source: C:\jac\wudsn\Workspace\asm_t2\2022\floppy\macro.asm]
     1 21C0 8D 0A D4			sta WSYNC	;WAIT
Source: C:\jac\wudsn\Workspace\asm_t2\2022\floppy\part1.asm
     1 21C3 CA				dex
     2 21C4 88				dey
Source: C:\jac\wudsn\Workspace\asm_t2\2022\floppy\part1.asm
     3 21C5 8C 12 D0			sty COLPM0
     4 21C8 8C 13 D0			sty COLPM1
     5 21CB 8E 14 D0			stx COLPM2
     6 21CE 8E 15 D0			stx COLPM3
     7 21D1 8E 18 D0			stx DLI_PAPER	; 4 cycles
     1 21D4 EA				nop
     2 21D5 EA				nop
     3 21D6 EA				nop
     4 21D7 EA				nop
     5 21D8 EA				nop
Source: C:\jac\wudsn\Workspace\asm_t2\2022\floppy\part1.asm
     9 21D9 EA				nop
    10 21DA 8C 18 D0			sty DLI_PAPER	; 4 cycles
Source: C:\jac\wudsn\Workspace\asm_t2\2022\floppy\part1.asm
   120 21DD E9 01			sbc #1
   121 21DF D0 DF			bne dli_handler_loop_2
   122 				;	LINE_NOP_SHORT
   123 					
   124 21E1				LINE_NOP_LAST
Macro: LINE_NOP_LAST [Source: C:\jac\wudsn\Workspace\asm_t2\2022\floppy\macro.asm]
     1 21E1 8D 0A D4			sta WSYNC	;WAIT
Source: C:\jac\wudsn\Workspace\asm_t2\2022\floppy\part1.asm
     2 21E4 8E 18 D0			stx DLI_PAPER	; 4 cycles
     3 21E7 A9 01			lda #1
     4 21E9 8D 12 D0			sta COLPM0
     5 21EC 8D 13 D0			sta COLPM1
     6 21EF 8D 14 D0			sta COLPM2
     7 21F2 8D 15 D0			sta COLPM3
     1 21F5 EA				nop
     2 21F6 EA				nop
     3 21F7 EA				nop
     4 21F8 EA				nop
     5 21F9 EA				nop
Source: C:\jac\wudsn\Workspace\asm_t2\2022\floppy\part1.asm
     9 21FA EA				nop
    10 21FB 8C 18 D0			sty DLI_PAPER	; 4 cycles
Source: C:\jac\wudsn\Workspace\asm_t2\2022\floppy\part1.asm
   125
   126 21FE A9 42			lda #COLOR_AMIGA_BACKGROUND
   127 2200 8D 12 D0			sta COLPM0
   128 2203 8D 13 D0			sta COLPM1
   129 2206 8D 14 D0			sta COLPM2
   130 2209 8D 15 D0			sta COLPM3
   131
   132 220C				LINE_WAIT
Macro: LINE_WAIT [Source: C:\jac\wudsn\Workspace\asm_t2\2022\floppy\macro.asm]
     1 220C 8D 0A D4			sta WSYNC	;WAIT
Source: C:\jac\wudsn\Workspace\asm_t2\2022\floppy\part1.asm
   133 					
   134
   135 220F				REG_PULL
Macro: REG_PULL [Source: C:\jac\wudsn\Workspace\asm_t2\2022\floppy\macro.asm]
     1 220F 68				pla
     2 2210 A8				tay
     3 2211 68				pla
     4 2212 AA				tax
     5 2213 68				pla
Source: C:\jac\wudsn\Workspace\asm_t2\2022\floppy\part1.asm
   136 2214 40				rti
   137 					
   138 					
   139 					
    14 2215				ICL 'screen_mem.asm'
Source: C:\jac\wudsn\Workspace\asm_t2\2022\floppy\screen_mem.asm
     1 2215				org $4000
     2
     3 4000				.local graphics
     4 4000-7601> 00 00 00 00 + 	ins "..\pic\test.gr8"
     5 					.endl
     6
     7 = 4000			screen_mem_1 = $4000
     8 = 4800			screen_mem_1_1 = $4800
     9 = 5000			screen_mem_1_2 = $5000
    10
    11 5E02 00 00 00 00 00 00 + 	:6144 dta 0
    12
    13 7602				org $5800
    14 					
    15 = 5800			screen_mem_2 = $5800
    16 = 6000			screen_mem_2_1 = $6000
    17 = 6800			screen_mem_2_2 = $6800
    18
    19 5800				org $7000
    20 7000			screen_adr
    21 7000-707F> 00 00			dta 0,0
    22
    23 7002			screen_clear:
    24 7002				REG_PUSH
Macro: REG_PUSH [Source: C:\jac\wudsn\Workspace\asm_t2\2022\floppy\macro.asm]
     1 7002 48				pha
     2 7003 8A				txa
     3 7004 48				pha
     4 7005 98				tya
     5 7006 48				pha
Source: C:\jac\wudsn\Workspace\asm_t2\2022\floppy\screen_mem.asm
    25 7007 AD 00 70 8D 1A 70 + 	mwa screen_adr screen_clear_loop_2+1
    26 7013 A9 00			lda #0
    27 7015 A2 18			ldx #24
    28 7017			screen_clear_loop_1
    29 7017 A0 00			ldy #0	
    30 7019			screen_clear_loop_2	
    31 7019 99 00 00			sta $0000,y
    32 701C C8				iny
    33 701D D0 FA			bne screen_clear_loop_2
    34 701F EE 1B 70			inc screen_clear_loop_2+2
    35 7022 CA				dex
    36 7023 D0 F4			bne screen_clear_loop_2
    37 7025				REG_PULL
Macro: REG_PULL [Source: C:\jac\wudsn\Workspace\asm_t2\2022\floppy\macro.asm]
     1 7025 68				pla
     2 7026 A8				tay
     3 7027 68				pla
     4 7028 AA				tax
     5 7029 68				pla
Source: C:\jac\wudsn\Workspace\asm_t2\2022\floppy\screen_mem.asm
    38 702A 60				rts	
    39
    40 702B			screen_fill:
    41 702B				REG_PUSH
Macro: REG_PUSH [Source: C:\jac\wudsn\Workspace\asm_t2\2022\floppy\macro.asm]
     1 702B 48				pha
     2 702C 8A				txa
     3 702D 48				pha
     4 702E 98				tya
     5 702F 48				pha
Source: C:\jac\wudsn\Workspace\asm_t2\2022\floppy\screen_mem.asm
    42 7030 AD 00 70 8D 43 70 + 	mwa screen_adr screen_fill_loop_2+1
    43 703C A9 FF			lda #255
    44 703E A2 08			ldx #8
    45 7040			screen_fill_loop_1
    46 7040 A0 00			ldy #0	
    47 7042			screen_fill_loop_2	
    48 7042 99 00 00			sta $0000,y
    49 7045 C8				iny
    50 7046 D0 FA			bne screen_fill_loop_2
    51 7048 EE 44 70			inc screen_fill_loop_2+2
    52 704B CA				dex
    53 704C D0 F4			bne screen_fill_loop_2
    54 704E				REG_PULL
Macro: REG_PULL [Source: C:\jac\wudsn\Workspace\asm_t2\2022\floppy\macro.asm]
     1 704E 68				pla
     2 704F A8				tay
     3 7050 68				pla
     4 7051 AA				tax
     5 7052 68				pla
Source: C:\jac\wudsn\Workspace\asm_t2\2022\floppy\screen_mem.asm
    55 7053 60				rts	
    56
    57 					
    58 7054			screen_set_read_1:
    59 					; load display list address to register
    60 7054 A9 00 8D 30 02 A9 + 	mwa #dl_antic_1 DLIST
    61 705E 60				rts
    62 705F			screen_set_write_1:
    63 					; switch working buffer pointer
    64 705F A9 00 8D 00 70 A9 + 	mwa #screen_mem_1 screen_adr
    65 7069 60				rts
    66
    67 706A			screen_set_read_2:
    68 					; load display list address to register
    69 706A A9 CC 8D 30 02 A9 + 	mwa #dl_antic_2 DLIST
    70 7074 60				rts
    71 7075			screen_set_write_2:	
    72 					; switch working buffer pointer
    73 7075 A9 00 8D 00 70 A9 + 	mwa #screen_mem_2 screen_adr
    74 707F 60				rts
    75 					
    15 7080				ICL 'display_list.asm'
Source: C:\jac\wudsn\Workspace\asm_t2\2022\floppy\display_list.asm
     1 7080				ICL 'display_list_const.asm'
Source: C:\jac\wudsn\Workspace\asm_t2\2022\floppy\display_list_const.asm
     1 = 0012			RTCLOCK_2 = $12
     2 = 0013			RTCLOCK_1 = $13
     3 = 0014			RTCLOCK_0 = $14
     4
     5 = 0230			DLIST   = $230
     6 = 0230			DLISTL  = $230 ; display list pointer low byte
     7 = 0231			DLISTH  = $231 ;                      high byte
     8 = 02C8			COLRBK  = $2C8
     9
    10 = D016			COLPF0	= $D016  
    11 = D017			COLPF1	= $D017  
    12 = D018			COLPF2	= $D018  
    13 = D019			COLPF3	= $D019
    14 = D01A			COLBG	= $D01A 
    15
    16 = 02C4			COLOR0	= $02C4
    17 = 02C5			COLOR1	= $02C5
    18 = 02C6			COLOR2	= $02C6
    19 = 02C7			COLOR3	= $02C7
    20 = 02C8			COLOR4 	= $02C8
    21
    22 = 022F			SDMCTL  = $022F
    23 = 022F			DMACTLS = $022F
    24 = D400			DMACTL  = $D400
    25 = 0200			VDSLST  = $0200 ; display list interrupt vector
    26 = D40E			NMEN	= $D40E
    27 = D40E			NMIEN	= $D40E ; bit 7
    28 = D40A			WSYNC   = $D40A
    29 = D40B			VCOUNT  = $D40B
    30
    31 = 02C5			GR8_PEN   = COLOR1
    32 = 02C6			GR8_PAPER = COLOR2
    33 = 02C8			GR8_FRAME = COLOR4 
    34
    35 = D017			DLI_PEN   = COLPF1
    36 = D018			DLI_PAPER = COLPF2
    37 = D01A			DLI_FRAME = COLBG 
    38
    39 = 0000			COLOR_BLACK = $00
    40 = 000E			COLOR_WHITE = $0E
    41 = 0042			COLOR_AMIGA_BACKGROUND = $42
    42
    43 = D012			COLPM0	= $D012
    44 = D013			COLPM1	= $D013
    45 = D014			COLPM2	= $D014
    46 = D015			COLPM3	= $D015
    47
    48 = 02C0			COLPM0S	= $02C0
    49 = 02C1			COLPM1S	= $02C1
    50 = 02C2			COLPM2S	= $02C2
    51 = 02C3			COLPM3S	= $02C3
    52
    53
    54 = D008			SIZEP0	= $D008
    55 = D009			SIZEP1	= $D009
    56 = D00A			SIZEP2	= $D00A
    57 = D00B			SIZEP3	= $D00B
    58
    59 = D00C			SIZEM	= $D00C
    60
    61 = D000			HPOSP0	= $D000
    62 = D001			HPOSP1	= $D001
    63 = D002			HPOSP2	= $D002
    64 = D003			HPOSP3	= $D003
    65
    66 = D004			HPOSM0	= $D004
    67 = D005			HPOSM1	= $D005
    68 = D006			HPOSM2	= $D006
    69 = D007			HPOSM3	= $D007
    70
    71 = D01C			VDELAY	= $D01C
    72
    73 = D01B			GTIACTL	= $D01B
    74 = 026F			GTIACTLS = $026F
    75
    76 = D01D			PMCTL	= $D01D
    77
    78 = D407			PMBASE = $D407
    79
    80 				;     SAVMSC $0058,2       (88): pointer to current screen for CIO commands
    81 				;     RAMTOP $006A        (106): start-of-ROM pointer (MSB only)
    82 				;     VDSLST $0200,2      (512): DLI vector
    83 				;     RAMSIZ $02E4        (740): permanent start-of-ROM pointer (MSB only)
    84 				;     DLISTL $D402      (54274): display list pointer low byte
    85 				;     DLISTH $D403      (54275):     "    high byte
    86 				;     HSCROL $D404      (54276): horizontal scroll register
    87 				;     VSCROL $D405      (54277): vertical scroll register
    88 				;     NMIEN  $D40E      (54286): NMI enable (DLIs)
    89 				;     
    90 				;     
    91 				;                               Shadow registers
    92 				;     
    93 				;     
    94 				;     SDLSTL $0230        (560): DLISTL
    95 				;     SDLSTH $0231        (561): DLISTH
     2
     3 7080				org $3800
     4
     5 = 0080			DL_DLI = $80
     6
     7 				; DL for first buffer	
     8 3800-39CD> F0 70 70	dl_antic_1	dta $F0,$70,$70              ; 3x8 empty scanlines
     9 3803 4F 00 40				dta b($4f),a(screen_mem_1)   ; $0f - mode, $40 - addr of 1/3 screen bitmap 
    10 3806 0F 0F 0F 0F 0F 0F + 		:62 dta b($0f)               ; 63 lines of $0f 
    11 3844 0F					dta b($0f)                   ; 1 line of $0f + DLI 
    12 3845 4F 00 48				dta b($4f),a(screen_mem_1_1) ; $0f - mode, $40 - addr of 2/3 screen bitmap
    13 3848 0F 0F 0F 0F 0F 0F + 		:63 dta b($0f)	             ; 63 lines of $0f 
    14 3887 4F 00 50				dta b($4f),a(screen_mem_1_2) ; $0f - mode, $40 - addr of 3/3 screen bitmap
    15 388A 0F 0F 0F 0F 0F 0F + 		:63 dta b($0f)               ; 63 lines of $0f
    16 						;dta b($c1),a(dl_antic_1)     ; jump to DL start and trigger interrupt
    17 38C9 41 00 38				dta b($41),a(dl_antic_1)     ; jump to DL start
    18 38CC 70 70 70		dl_antic_2	dta $70,$70,$70              ; 3x8 empty scanlines 
    19 38CF CF 00 58				dta b($cf),a(screen_mem_2)   ; $0f - mode, $40 - addr of 1/3 screen bitmap
    20 38D2 0F 0F 0F 0F 0F 0F + 		:63 dta b($0f)               ; 63 lines of $0f 
    21 3911 4F 00 60				dta b($4f),a(screen_mem_2_1) ; $0f - mode, $40 - addr of 2/3 screen bitmap
    22 3914 0F 0F 0F 0F 0F 0F + 		:63 dta b($0f)	             ; 63 lines of $0f 
    23 3953 4F 00 68				dta b($4f),a(screen_mem_2_2) ; $0f - mode, $40 - addr of 3/3 screen bitmap
    24 3956 0F 0F 0F 0F 0F 0F + 		:63 dta b($0f)               ; 63 lines of $0f 
    25 						;dta b($c1),a(dl_antic_2)     ; jump to DL start and trigger interrupt
    26 3995 41 CC 38				dta b($41),a(dl_antic_2)     ; jump to DL start 
    27
    28 3998			dl_set_mode
    29 					; set screen width to 32 byte
    30 3998 A9 FC			lda #%11111100
    31 399A 2D 2F 02			and DMACTLS
    32 399D 09 02			ora #%00000010
    33 				;	lda #57 ; narrow	
    34 				;	lda #$3a ; normal
    35 				;	lda #59 ; wide
    36 					
    37 399F 8D 2F 02			sta DMACTLS
    38
    39 39A2 A9 00			lda #COLOR_BLACK     
    40 39A4 8D C5 02			sta GR8_PEN
    41 39A7 A9 42			lda #COLOR_AMIGA_BACKGROUND     
    42 39A9 8D C6 02			sta GR8_PAPER
    43 39AC A9 42			lda #COLOR_AMIGA_BACKGROUND     
    44 39AE 8D C8 02			sta GR8_FRAME
    45 					
    46 39B1 A9 0E			lda #COLOR_WHITE
    47 39B3 8D C5 02			sta COLOR1
    48 39B6 A9 00			lda #COLOR_BLACK
    49 39B8 8D C6 02			sta COLOR2
    50 					
    51
    52 39BB 60				rts
    53
    54 						
    16 39BC				ICL 'wait_vsync.asm'
Source: C:\jac\wudsn\Workspace\asm_t2\2022\floppy\wait_vsync.asm
     1
     2
     3 39BC			wait_hsync:
     4
     5 39BC 48				pha
     6
     7 39BD A9 52			lda #$52
     8 39BF 8D 0A D4			sta WSYNC	;WAIT
     9 39C2 68				pla
    10
    11 39C3 60				rts
    12
    13
    14 39C4			wait_vsync:
    15 39C4 48				pha
    16 39C5			wait_vsync_loop:
    17 39C5 AD 0B D4			lda VCOUNT
    18 39C8 C9 64			cmp #100
    19 39CA D0 F9			bne wait_vsync_loop 
    20 					
    21 39CC 68				pla
    22 39CD 60				rts
    23 					
    17 39CE				ICL 'math.asm'
Source: C:\jac\wudsn\Workspace\asm_t2\2022\floppy\math.asm
     1 39CE				org $1D00
     2 					
     3 				;MATH_SIN_LEN = 16
     4 				;MATH_SIN_MASK = %00001111	
     5 				; math_sin dta 127,176,218,245,255,245,218,176,127,78,36,9,0,9,36,78
     6 				; math_sin dta 128,176,218,245,255,245,218,176,128,79,37,10,0,10,37,79
     7 				        
     8 				;MATH_SIN_LEN = 64
     9 				;MATH_SIN_MASK = %00111111	
    10 				;math_sin dta 128,140,152,165,176,188,198,208,218,226,234,240,245,250,253,254,255,254,253,250,245,240,234,226,218,208,198,188,176,165,152,140,128,115,103,90,79,67,57,47,37,29,21,15,10,5,2,1,0,1,2,5,10,15,21,29,37,47,57,67,79,90,103,115
    11
    12 = 0100			MATH_SIN_LEN = 256
    13 = 00FF			MATH_SIN_MASK = %11111111	
    14 1D00-1F0F> 80 83 86 89 + math_sin dta 128,131,134,137,140,143,146,149,152,155,158,162,165,167,170,173,176,179,182,185,188,190,193,196,198,201,203,206,208,211,213,215,218,220,222,224,226,228,230,232,234,235,237,238,240,241,243,244,245,246,248,249,250,250,251,252,253,253,254,254,254,255,0,0,0,0,0,255,254,254,254,253,253,252,251,250,250,249,248,246,245,244,243,241,240,238,237,235,234,232,230,228,226,224,222,220,218,215,213,211,208,206,203,201,198,196,193,190,188,185,182,179,176,173,170,167,165,162,158,155,152,149,146,143,140,137,134,131,128,124,121,118,115,112,109,106,103,100,97,93,90,88,85,82,79,76,73,70,67,65,62,59,57,54,52,49,47,44,42,40,37,35,33,31,29,27,25,23,21,20,18,17,15,14,12,11,10,9,7,6,5,5,4,3,2,2,1,1,1,0,0,0,0,0,0,0,1,1,1,2,2,3,4,5,5,6,7,9,10,11,12,14,15,17,18,20,21,23,25,27,29,31,33,35,37,40,42,44,47,49,52,54,57,59,62,65,67,70,73,76,79,82,85,88,90,93,97,100,103,106,109,112,115,118,121,124
    15
    16 = 0010			MATH_SIN_LEN_16 = 16
    17 = 000F			MATH_SIN_MASK_16 = %00001111	
    18 1E00 80 B0 DA F5 FF F5 + math_sin_16 dta 128,176,218,245,255,245,218,176,128,79,37,10,0,10,37,79,128,176,218,245,255,245,218,176,128,79,37,10,0,10,37,79,128,176,218,245,255,245,218,176,128,79,37,10,0,10,37,79,128,176,218,245,255,245,218,176,128,79,37,10,0,10,37,79,128,176,218,245,255,245,218,176,128,79,37,10,0,10,37,79,128,176,218,245,255,245,218,176,128,79,37,10,0,10,37,79,128,176,218,245,255,245,218,176,128,79,37,10,0,10,37,79,128,176,218,245,255,245,218,176,128,79,37,10,0,10,37,79,128,176,218,245,255,245,218,176,128,79,37,10,0,10,37,79,128,176,218,245,255,245,218,176,128,79,37,10,0,10,37,79,128,176,218,245,255,245,218,176,128,79,37,10,0,10,37,79,128,176,218,245,255,245,218,176,128,79,37,10,0,10,37,79,128,176,218,245,255,245,218,176,128,79,37,10,0,10,37,79,128,176,218,245,255,245,218,176,128,79,37,10,0,10,37,79,128,176,218,245,255,245,218,176,128,79,37,10,0,10,37,79,128,176,218,245,255,245,218,176,128,79,37,10,0,10,37,79
    19
    20 1F00 C0 C0 60 40 30 27 + math_192_div dta 192,192,96,64,48,39,32,28,24,22,20,18,16,15,14,13
    18 1F10				ICL 'zero.asm'
Source: C:\jac\wudsn\Workspace\asm_t2\2022\floppy\zero.asm
     1 1F10				org $e0
     2
     3 00E0-00EE> 00		zero_a	dta 0
     4 00E1 00			zero_x	dta 0
     5 00E2 00			zero_y	dta 0
     6 00E3 00			zero_1	dta 0
     7 00E4 00			zero_2	dta 0
     8 00E5 00			zero_3	dta 0
     9 00E6 00			bar_size dta 0
    10 00E7 00			bar_color1 dta 0
    11 00E8 00			bar_color2 dta 0
    12 00E9 00			bar_color10 dta 0
    13 00EA 00			bar_color20 dta 0
    14 00EB			part1_image_data_address: 
    15 00EB 00 00			dta 0,0
    16 00ED			part1_screen_data_address: 
    17 00ED 00 00			dta 0,0
    19 00EF				ICL 'ghosts.asm'
Source: C:\jac\wudsn\Workspace\asm_t2\2022\floppy\ghosts.asm
     1 00EF				org $6000
     2
     3 6000			pm_base:
     4 6000-67FF> FF FF FF FF + 	:768 dta $FF
     5 6300			pm_missle:
     6 6300 FF FF FF FF FF FF + 	:256 dta $FF
     7 6400			pm_player0:
     8 6400 00 00 00 00 00 00 + 	:32 dta $00 ; frame
     9 6420 00 00 00 00 00 00 + 	:26 dta $00 ; position y
    10 643A CC CC CC CC CC CC + 	:73 dta $CC ; lines
    11 6483 00 00 00 00 00 00 + 	:125 dta $00
    12 6500			pm_player1:
    13 6500 00 00 00 00 00 00 + 	:32 dta $00 ; frame
    14 6520 00 00 00 00 00 00 + 	:26 dta $00 ; position y
    15 653A F0 F0 F0 F0 F0 F0 + 	:73 dta $F0 ; lines
    16 6583 00 00 00 00 00 00 + 	:125 dta $00
    17 6600			pm_player2:
    18 6600 FF FF FF FF FF FF + 	:256 dta $FF
    19 6700			pm_player3:
    20 6700 FF FF FF FF FF FF + 	:256 dta $FF
    21 					
    22 				.MACRO PM_SHOW
    23 				
    24 				;	lda #$60
    25 				;	sta PMBASE
    26 				;	lda #0
    27 				;	sta SIZEP0
    28 				;	lda #COLOR_WHITE
    29 				;	sta COLPM0
    30 				;	sta COLPM0S
    31 				;	lda #100
    32 				;	sta HPOSP0
    33 				;	lda #3
    34 				;	sta PMCTL
    35 				;	lda #1
    36 				;	sta GTIACTL
    37 				
    38 				;	lda DMACTLS
    39 				;	ora #%00011000
    40 				;	sta DMACTLS
    41 				
    42 				
    43 					lda #$60
    44 					sta 54279	; PMBASE
    45 				
    46 					lda #1
    47 					sta 623		; GTIACTL
    48 				
    49 					lda #COLOR_AMIGA_BACKGROUND
    50 					sta COLPM0S	; KOLOR
    51 					sta COLPM1S	; KOLOR
    52 					sta COLPM2S	; KOLOR
    53 					sta COLPM3S	; KOLOR
    54 					sta COLPM0	; KOLOR
    55 					sta COLPM1	; KOLOR
    56 					sta COLPM2	; KOLOR
    57 					sta COLPM3	; KOLOR
    58 				
    59 					; szerokoϾ
    60 					lda #1
    61 					sta SIZEP0	; SIZEP0
    62 					lda #1
    63 					sta SIZEP1	; SIZEP0
    64 					lda #1
    65 					sta SIZEP2	; SIZEP0
    66 					lda #0
    67 					sta SIZEP3	; SIZEP0
    68 				
    69 					lda #2
    70 					sta 53277	; PMCTL
    71 				
    72 				
    73 					; enable PM DMA
    74 					lda #%11100111
    75 					and DMACTLS
    76 					ora #%00011000
    77 				
    78 					sta DMACTLS		; DMACTLS
    79 				
    80 					; 64 - begin
    81 					; 4,8,12,16
    82 					lda #49
    83 					sta HPOSP0 
    84 				
    85 					lda #88
    86 					sta HPOSP1 
    87 				
    88 					lda #150
    89 					sta HPOSP2 
    90 				
    91 					lda #180
    92 					sta HPOSP3 
    93 				
    94 				.ENDM
    95
    96 				.MACRO PM_MOVE
    97 					lda RTCLOCK_0
    98 					sta 53248
    99 				.ENDM
   100
    20
